system   D d:\Libraries\build\allegro\src\allegro-5.0.x\allegro-5.0.x\src\win\wsystem.c:630  _al_win_safe_load_library        [   0.00045] PathFindOnPath found: C:\Windows\system32\d3d9.dll
system   D d:\Libraries\build\allegro\src\allegro-5.0.x\allegro-5.0.x\src\win\wsystem.c:544  load_library_at_path             [   0.00052] Calling LoadLibrary C:\Windows\system32\d3d9.dll
system   I d:\Libraries\build\allegro\src\allegro-5.0.x\allegro-5.0.x\src\win\wsystem.c:547  load_library_at_path             [   0.00219] Loaded C:\Windows\system32\d3d9.dll
d3d      I d:\Libraries\build\allegro\src\allegro-5.0.x\allegro-5.0.x\src\win\d3d_disp.cpp:879  _al_d3d_init_display             [   0.00538] Render-to-texture: 1
system   I d:\Libraries\build\allegro\src\allegro-5.0.x\allegro-5.0.x\src\system.c:270  al_install_system                [   0.00544] Allegro version: 5.0.4
d3d      I d:\Libraries\build\allegro\src\allegro-5.0.x\allegro-5.0.x\src\win\d3d_disp.cpp:1919 d3d_create_display_locked        [   0.00597] faux_fullscreen=0
display  D d:\Libraries\build\allegro\src\allegro-5.0.x\allegro-5.0.x\src\display_settings.c:486  _al_score_display_settings       [   0.00635] Score is : 897
display  D d:\Libraries\build\allegro\src\allegro-5.0.x\allegro-5.0.x\src\display_settings.c:486  _al_score_display_settings       [   0.00636] Score is : 897
display  D d:\Libraries\build\allegro\src\allegro-5.0.x\allegro-5.0.x\src\display_settings.c:486  _al_score_display_settings       [   0.00637] Score is : 897
display  D d:\Libraries\build\allegro\src\allegro-5.0.x\allegro-5.0.x\src\display_settings.c:486  _al_score_display_settings       [   0.00638] Score is : 897
display  D d:\Libraries\build\allegro\src\allegro-5.0.x\allegro-5.0.x\src\display_settings.c:486  _al_score_display_settings       [   0.00639] Score is : 769
display  D d:\Libraries\build\allegro\src\allegro-5.0.x\allegro-5.0.x\src\display_settings.c:486  _al_score_display_settings       [   0.00639] Score is : 737
display  D d:\Libraries\build\allegro\src\allegro-5.0.x\allegro-5.0.x\src\display_settings.c:486  _al_score_display_settings       [   0.00640] Score is : 726
display  D d:\Libraries\build\allegro\src\allegro-5.0.x\allegro-5.0.x\src\display_settings.c:486  _al_score_display_settings       [   0.00641] Score is : 721
display  D d:\Libraries\build\allegro\src\allegro-5.0.x\allegro-5.0.x\src\display_settings.c:486  _al_score_display_settings       [   0.00642] Score is : 717
display  D d:\Libraries\build\allegro\src\allegro-5.0.x\allegro-5.0.x\src\display_settings.c:486  _al_score_display_settings       [   0.00643] Score is : 715
display  D d:\Libraries\build\allegro\src\allegro-5.0.x\allegro-5.0.x\src\display_settings.c:486  _al_score_display_settings       [   0.00643] Score is : 714
display  D d:\Libraries\build\allegro\src\allegro-5.0.x\allegro-5.0.x\src\display_settings.c:486  _al_score_display_settings       [   0.00644] Score is : 713
display  D d:\Libraries\build\allegro\src\allegro-5.0.x\allegro-5.0.x\src\display_settings.c:486  _al_score_display_settings       [   0.00645] Score is : 769
display  D d:\Libraries\build\allegro\src\allegro-5.0.x\allegro-5.0.x\src\display_settings.c:486  _al_score_display_settings       [   0.00646] Score is : 737
display  D d:\Libraries\build\allegro\src\allegro-5.0.x\allegro-5.0.x\src\display_settings.c:486  _al_score_display_settings       [   0.00646] Score is : 726
display  D d:\Libraries\build\allegro\src\allegro-5.0.x\allegro-5.0.x\src\display_settings.c:486  _al_score_display_settings       [   0.00647] Score is : 721
display  D d:\Libraries\build\allegro\src\allegro-5.0.x\allegro-5.0.x\src\display_settings.c:486  _al_score_display_settings       [   0.00648] Score is : 717
display  D d:\Libraries\build\allegro\src\allegro-5.0.x\allegro-5.0.x\src\display_settings.c:486  _al_score_display_settings       [   0.00649] Score is : 715
display  D d:\Libraries\build\allegro\src\allegro-5.0.x\allegro-5.0.x\src\display_settings.c:486  _al_score_display_settings       [   0.00650] Score is : 714
display  D d:\Libraries\build\allegro\src\allegro-5.0.x\allegro-5.0.x\src\display_settings.c:486  _al_score_display_settings       [   0.00650] Score is : 713
display  D d:\Libraries\build\allegro\src\allegro-5.0.x\allegro-5.0.x\src\display_settings.c:486  _al_score_display_settings       [   0.00654] Score is : 769
display  D d:\Libraries\build\allegro\src\allegro-5.0.x\allegro-5.0.x\src\display_settings.c:486  _al_score_display_settings       [   0.00655] Score is : 737
display  D d:\Libraries\build\allegro\src\allegro-5.0.x\allegro-5.0.x\src\display_settings.c:486  _al_score_display_settings       [   0.00656] Score is : 726
display  D d:\Libraries\build\allegro\src\allegro-5.0.x\allegro-5.0.x\src\display_settings.c:486  _al_score_display_settings       [   0.00657] Score is : 721
display  D d:\Libraries\build\allegro\src\allegro-5.0.x\allegro-5.0.x\src\display_settings.c:486  _al_score_display_settings       [   0.00658] Score is : 717
display  D d:\Libraries\build\allegro\src\allegro-5.0.x\allegro-5.0.x\src\display_settings.c:486  _al_score_display_settings       [   0.00659] Score is : 715
display  D d:\Libraries\build\allegro\src\allegro-5.0.x\allegro-5.0.x\src\display_settings.c:486  _al_score_display_settings       [   0.00660] Score is : 714
display  D d:\Libraries\build\allegro\src\allegro-5.0.x\allegro-5.0.x\src\display_settings.c:486  _al_score_display_settings       [   0.00660] Score is : 713
display  D d:\Libraries\build\allegro\src\allegro-5.0.x\allegro-5.0.x\src\display_settings.c:486  _al_score_display_settings       [   0.00661] Score is : 769
display  D d:\Libraries\build\allegro\src\allegro-5.0.x\allegro-5.0.x\src\display_settings.c:486  _al_score_display_settings       [   0.00662] Score is : 737
display  D d:\Libraries\build\allegro\src\allegro-5.0.x\allegro-5.0.x\src\display_settings.c:486  _al_score_display_settings       [   0.00663] Score is : 726
display  D d:\Libraries\build\allegro\src\allegro-5.0.x\allegro-5.0.x\src\display_settings.c:486  _al_score_display_settings       [   0.00663] Score is : 721
display  D d:\Libraries\build\allegro\src\allegro-5.0.x\allegro-5.0.x\src\display_settings.c:486  _al_score_display_settings       [   0.00664] Score is : 717
display  D d:\Libraries\build\allegro\src\allegro-5.0.x\allegro-5.0.x\src\display_settings.c:486  _al_score_display_settings       [   0.00665] Score is : 715
display  D d:\Libraries\build\allegro\src\allegro-5.0.x\allegro-5.0.x\src\display_settings.c:486  _al_score_display_settings       [   0.00666] Score is : 714
display  D d:\Libraries\build\allegro\src\allegro-5.0.x\allegro-5.0.x\src\display_settings.c:486  _al_score_display_settings       [   0.00667] Score is : 713
display  D d:\Libraries\build\allegro\src\allegro-5.0.x\allegro-5.0.x\src\display_settings.c:357  _al_score_display_settings       [   0.00667] Single Buffer requirement not met.
display  D d:\Libraries\build\allegro\src\allegro-5.0.x\allegro-5.0.x\src\display_settings.c:357  _al_score_display_settings       [   0.00668] Single Buffer requirement not met.
display  D d:\Libraries\build\allegro\src\allegro-5.0.x\allegro-5.0.x\src\display_settings.c:357  _al_score_display_settings       [   0.00669] Single Buffer requirement not met.
display  D d:\Libraries\build\allegro\src\allegro-5.0.x\allegro-5.0.x\src\display_settings.c:357  _al_score_display_settings       [   0.00670] Single Buffer requirement not met.
display  D d:\Libraries\build\allegro\src\allegro-5.0.x\allegro-5.0.x\src\display_settings.c:357  _al_score_display_settings       [   0.00671] Single Buffer requirement not met.
display  D d:\Libraries\build\allegro\src\allegro-5.0.x\allegro-5.0.x\src\display_settings.c:357  _al_score_display_settings       [   0.00671] Single Buffer requirement not met.
display  D d:\Libraries\build\allegro\src\allegro-5.0.x\allegro-5.0.x\src\display_settings.c:357  _al_score_display_settings       [   0.00672] Single Buffer requirement not met.
display  D d:\Libraries\build\allegro\src\allegro-5.0.x\allegro-5.0.x\src\display_settings.c:357  _al_score_display_settings       [   0.00673] Single Buffer requirement not met.
display  D d:\Libraries\build\allegro\src\allegro-5.0.x\allegro-5.0.x\src\display_settings.c:357  _al_score_display_settings       [   0.00676] Single Buffer requirement not met.
display  D d:\Libraries\build\allegro\src\allegro-5.0.x\allegro-5.0.x\src\display_settings.c:357  _al_score_display_settings       [   0.00677] Single Buffer requirement not met.
display  D d:\Libraries\build\allegro\src\allegro-5.0.x\allegro-5.0.x\src\display_settings.c:357  _al_score_display_settings       [   0.00678] Single Buffer requirement not met.
display  D d:\Libraries\build\allegro\src\allegro-5.0.x\allegro-5.0.x\src\display_settings.c:357  _al_score_display_settings       [   0.00678] Single Buffer requirement not met.
display  D d:\Libraries\build\allegro\src\allegro-5.0.x\allegro-5.0.x\src\display_settings.c:357  _al_score_display_settings       [   0.00679] Single Buffer requirement not met.
display  D d:\Libraries\build\allegro\src\allegro-5.0.x\allegro-5.0.x\src\display_settings.c:357  _al_score_display_settings       [   0.00680] Single Buffer requirement not met.
display  D d:\Libraries\build\allegro\src\allegro-5.0.x\allegro-5.0.x\src\display_settings.c:357  _al_score_display_settings       [   0.00681] Single Buffer requirement not met.
display  D d:\Libraries\build\allegro\src\allegro-5.0.x\allegro-5.0.x\src\display_settings.c:357  _al_score_display_settings       [   0.00682] Single Buffer requirement not met.
display  D d:\Libraries\build\allegro\src\allegro-5.0.x\allegro-5.0.x\src\display_settings.c:357  _al_score_display_settings       [   0.00682] Single Buffer requirement not met.
display  D d:\Libraries\build\allegro\src\allegro-5.0.x\allegro-5.0.x\src\display_settings.c:357  _al_score_display_settings       [   0.00683] Single Buffer requirement not met.
display  D d:\Libraries\build\allegro\src\allegro-5.0.x\allegro-5.0.x\src\display_settings.c:357  _al_score_display_settings       [   0.00684] Single Buffer requirement not met.
display  D d:\Libraries\build\allegro\src\allegro-5.0.x\allegro-5.0.x\src\display_settings.c:357  _al_score_display_settings       [   0.00685] Single Buffer requirement not met.
display  D d:\Libraries\build\allegro\src\allegro-5.0.x\allegro-5.0.x\src\display_settings.c:357  _al_score_display_settings       [   0.00686] Single Buffer requirement not met.
display  D d:\Libraries\build\allegro\src\allegro-5.0.x\allegro-5.0.x\src\display_settings.c:357  _al_score_display_settings       [   0.00687] Single Buffer requirement not met.
display  D d:\Libraries\build\allegro\src\allegro-5.0.x\allegro-5.0.x\src\display_settings.c:357  _al_score_display_settings       [   0.00687] Single Buffer requirement not met.
display  D d:\Libraries\build\allegro\src\allegro-5.0.x\allegro-5.0.x\src\display_settings.c:357  _al_score_display_settings       [   0.00688] Single Buffer requirement not met.
display  D d:\Libraries\build\allegro\src\allegro-5.0.x\allegro-5.0.x\src\display_settings.c:357  _al_score_display_settings       [   0.00689] Single Buffer requirement not met.
display  D d:\Libraries\build\allegro\src\allegro-5.0.x\allegro-5.0.x\src\display_settings.c:357  _al_score_display_settings       [   0.00690] Single Buffer requirement not met.
display  D d:\Libraries\build\allegro\src\allegro-5.0.x\allegro-5.0.x\src\display_settings.c:357  _al_score_display_settings       [   0.00691] Single Buffer requirement not met.
display  D d:\Libraries\build\allegro\src\allegro-5.0.x\allegro-5.0.x\src\display_settings.c:357  _al_score_display_settings       [   0.00691] Single Buffer requirement not met.
display  D d:\Libraries\build\allegro\src\allegro-5.0.x\allegro-5.0.x\src\display_settings.c:357  _al_score_display_settings       [   0.00692] Single Buffer requirement not met.
display  D d:\Libraries\build\allegro\src\allegro-5.0.x\allegro-5.0.x\src\display_settings.c:357  _al_score_display_settings       [   0.00693] Single Buffer requirement not met.
display  D d:\Libraries\build\allegro\src\allegro-5.0.x\allegro-5.0.x\src\display_settings.c:357  _al_score_display_settings       [   0.00694] Single Buffer requirement not met.
display  D d:\Libraries\build\allegro\src\allegro-5.0.x\allegro-5.0.x\src\display_settings.c:357  _al_score_display_settings       [   0.00695] Single Buffer requirement not met.
display  D d:\Libraries\build\allegro\src\allegro-5.0.x\allegro-5.0.x\src\display_settings.c:357  _al_score_display_settings       [   0.00696] Single Buffer requirement not met.
display  D d:\Libraries\build\allegro\src\allegro-5.0.x\allegro-5.0.x\src\display_settings.c:357  _al_score_display_settings       [   0.00696] Single Buffer requirement not met.
display  D d:\Libraries\build\allegro\src\allegro-5.0.x\allegro-5.0.x\src\display_settings.c:357  _al_score_display_settings       [   0.00697] Single Buffer requirement not met.
display  D d:\Libraries\build\allegro\src\allegro-5.0.x\allegro-5.0.x\src\display_settings.c:357  _al_score_display_settings       [   0.00698] Single Buffer requirement not met.
display  D d:\Libraries\build\allegro\src\allegro-5.0.x\allegro-5.0.x\src\display_settings.c:486  _al_score_display_settings       [   0.00699] Score is : 769
display  D d:\Libraries\build\allegro\src\allegro-5.0.x\allegro-5.0.x\src\display_settings.c:486  _al_score_display_settings       [   0.00700] Score is : 769
display  D d:\Libraries\build\allegro\src\allegro-5.0.x\allegro-5.0.x\src\display_settings.c:486  _al_score_display_settings       [   0.00700] Score is : 769
display  D d:\Libraries\build\allegro\src\allegro-5.0.x\allegro-5.0.x\src\display_settings.c:486  _al_score_display_settings       [   0.00701] Score is : 769
display  D d:\Libraries\build\allegro\src\allegro-5.0.x\allegro-5.0.x\src\display_settings.c:486  _al_score_display_settings       [   0.00702] Score is : 769
display  D d:\Libraries\build\allegro\src\allegro-5.0.x\allegro-5.0.x\src\display_settings.c:486  _al_score_display_settings       [   0.00703] Score is : 641
display  D d:\Libraries\build\allegro\src\allegro-5.0.x\allegro-5.0.x\src\display_settings.c:486  _al_score_display_settings       [   0.00704] Score is : 609
display  D d:\Libraries\build\allegro\src\allegro-5.0.x\allegro-5.0.x\src\display_settings.c:486  _al_score_display_settings       [   0.00704] Score is : 598
display  D d:\Libraries\build\allegro\src\allegro-5.0.x\allegro-5.0.x\src\display_settings.c:486  _al_score_display_settings       [   0.00705] Score is : 593
display  D d:\Libraries\build\allegro\src\allegro-5.0.x\allegro-5.0.x\src\display_settings.c:486  _al_score_display_settings       [   0.00706] Score is : 589
display  D d:\Libraries\build\allegro\src\allegro-5.0.x\allegro-5.0.x\src\display_settings.c:486  _al_score_display_settings       [   0.00707] Score is : 587
display  D d:\Libraries\build\allegro\src\allegro-5.0.x\allegro-5.0.x\src\display_settings.c:486  _al_score_display_settings       [   0.00707] Score is : 586
display  D d:\Libraries\build\allegro\src\allegro-5.0.x\allegro-5.0.x\src\display_settings.c:486  _al_score_display_settings       [   0.00708] Score is : 585
display  D d:\Libraries\build\allegro\src\allegro-5.0.x\allegro-5.0.x\src\display_settings.c:486  _al_score_display_settings       [   0.00709] Score is : 641
display  D d:\Libraries\build\allegro\src\allegro-5.0.x\allegro-5.0.x\src\display_settings.c:486  _al_score_display_settings       [   0.00710] Score is : 609
display  D d:\Libraries\build\allegro\src\allegro-5.0.x\allegro-5.0.x\src\display_settings.c:486  _al_score_display_settings       [   0.00711] Score is : 598
display  D d:\Libraries\build\allegro\src\allegro-5.0.x\allegro-5.0.x\src\display_settings.c:486  _al_score_display_settings       [   0.00711] Score is : 593
display  D d:\Libraries\build\allegro\src\allegro-5.0.x\allegro-5.0.x\src\display_settings.c:486  _al_score_display_settings       [   0.00712] Score is : 589
display  D d:\Libraries\build\allegro\src\allegro-5.0.x\allegro-5.0.x\src\display_settings.c:486  _al_score_display_settings       [   0.00713] Score is : 587
display  D d:\Libraries\build\allegro\src\allegro-5.0.x\allegro-5.0.x\src\display_settings.c:486  _al_score_display_settings       [   0.00714] Score is : 586
display  D d:\Libraries\build\allegro\src\allegro-5.0.x\allegro-5.0.x\src\display_settings.c:486  _al_score_display_settings       [   0.00717] Score is : 585
display  D d:\Libraries\build\allegro\src\allegro-5.0.x\allegro-5.0.x\src\display_settings.c:486  _al_score_display_settings       [   0.00718] Score is : 641
display  D d:\Libraries\build\allegro\src\allegro-5.0.x\allegro-5.0.x\src\display_settings.c:486  _al_score_display_settings       [   0.00719] Score is : 609
display  D d:\Libraries\build\allegro\src\allegro-5.0.x\allegro-5.0.x\src\display_settings.c:486  _al_score_display_settings       [   0.00720] Score is : 598
display  D d:\Libraries\build\allegro\src\allegro-5.0.x\allegro-5.0.x\src\display_settings.c:486  _al_score_display_settings       [   0.00721] Score is : 593
display  D d:\Libraries\build\allegro\src\allegro-5.0.x\allegro-5.0.x\src\display_settings.c:486  _al_score_display_settings       [   0.00722] Score is : 589
display  D d:\Libraries\build\allegro\src\allegro-5.0.x\allegro-5.0.x\src\display_settings.c:486  _al_score_display_settings       [   0.00722] Score is : 587
display  D d:\Libraries\build\allegro\src\allegro-5.0.x\allegro-5.0.x\src\display_settings.c:486  _al_score_display_settings       [   0.00723] Score is : 586
display  D d:\Libraries\build\allegro\src\allegro-5.0.x\allegro-5.0.x\src\display_settings.c:486  _al_score_display_settings       [   0.00724] Score is : 585
display  D d:\Libraries\build\allegro\src\allegro-5.0.x\allegro-5.0.x\src\display_settings.c:486  _al_score_display_settings       [   0.00725] Score is : 641
display  D d:\Libraries\build\allegro\src\allegro-5.0.x\allegro-5.0.x\src\display_settings.c:486  _al_score_display_settings       [   0.00726] Score is : 609
display  D d:\Libraries\build\allegro\src\allegro-5.0.x\allegro-5.0.x\src\display_settings.c:486  _al_score_display_settings       [   0.00726] Score is : 598
display  D d:\Libraries\build\allegro\src\allegro-5.0.x\allegro-5.0.x\src\display_settings.c:486  _al_score_display_settings       [   0.00727] Score is : 593
display  D d:\Libraries\build\allegro\src\allegro-5.0.x\allegro-5.0.x\src\display_settings.c:486  _al_score_display_settings       [   0.00728] Score is : 589
display  D d:\Libraries\build\allegro\src\allegro-5.0.x\allegro-5.0.x\src\display_settings.c:486  _al_score_display_settings       [   0.00729] Score is : 587
display  D d:\Libraries\build\allegro\src\allegro-5.0.x\allegro-5.0.x\src\display_settings.c:486  _al_score_display_settings       [   0.00729] Score is : 586
display  D d:\Libraries\build\allegro\src\allegro-5.0.x\allegro-5.0.x\src\display_settings.c:486  _al_score_display_settings       [   0.00730] Score is : 585
display  D d:\Libraries\build\allegro\src\allegro-5.0.x\allegro-5.0.x\src\display_settings.c:486  _al_score_display_settings       [   0.00731] Score is : 641
display  D d:\Libraries\build\allegro\src\allegro-5.0.x\allegro-5.0.x\src\display_settings.c:486  _al_score_display_settings       [   0.00732] Score is : 609
display  D d:\Libraries\build\allegro\src\allegro-5.0.x\allegro-5.0.x\src\display_settings.c:486  _al_score_display_settings       [   0.00733] Score is : 598
display  D d:\Libraries\build\allegro\src\allegro-5.0.x\allegro-5.0.x\src\display_settings.c:486  _al_score_display_settings       [   0.00733] Score is : 593
display  D d:\Libraries\build\allegro\src\allegro-5.0.x\allegro-5.0.x\src\display_settings.c:486  _al_score_display_settings       [   0.00734] Score is : 589
display  D d:\Libraries\build\allegro\src\allegro-5.0.x\allegro-5.0.x\src\display_settings.c:486  _al_score_display_settings       [   0.00735] Score is : 587
display  D d:\Libraries\build\allegro\src\allegro-5.0.x\allegro-5.0.x\src\display_settings.c:486  _al_score_display_settings       [   0.00736] Score is : 586
display  D d:\Libraries\build\allegro\src\allegro-5.0.x\allegro-5.0.x\src\display_settings.c:486  _al_score_display_settings       [   0.00736] Score is : 585
display  D d:\Libraries\build\allegro\src\allegro-5.0.x\allegro-5.0.x\src\display_settings.c:357  _al_score_display_settings       [   0.00737] Single Buffer requirement not met.
display  D d:\Libraries\build\allegro\src\allegro-5.0.x\allegro-5.0.x\src\display_settings.c:357  _al_score_display_settings       [   0.00738] Single Buffer requirement not met.
display  D d:\Libraries\build\allegro\src\allegro-5.0.x\allegro-5.0.x\src\display_settings.c:357  _al_score_display_settings       [   0.00739] Single Buffer requirement not met.
display  D d:\Libraries\build\allegro\src\allegro-5.0.x\allegro-5.0.x\src\display_settings.c:357  _al_score_display_settings       [   0.00740] Single Buffer requirement not met.
display  D d:\Libraries\build\allegro\src\allegro-5.0.x\allegro-5.0.x\src\display_settings.c:357  _al_score_display_settings       [   0.00741] Single Buffer requirement not met.
display  D d:\Libraries\build\allegro\src\allegro-5.0.x\allegro-5.0.x\src\display_settings.c:357  _al_score_display_settings       [   0.00742] Single Buffer requirement not met.
display  D d:\Libraries\build\allegro\src\allegro-5.0.x\allegro-5.0.x\src\display_settings.c:357  _al_score_display_settings       [   0.00742] Single Buffer requirement not met.
display  D d:\Libraries\build\allegro\src\allegro-5.0.x\allegro-5.0.x\src\display_settings.c:357  _al_score_display_settings       [   0.00743] Single Buffer requirement not met.
display  D d:\Libraries\build\allegro\src\allegro-5.0.x\allegro-5.0.x\src\display_settings.c:357  _al_score_display_settings       [   0.00744] Single Buffer requirement not met.
display  D d:\Libraries\build\allegro\src\allegro-5.0.x\allegro-5.0.x\src\display_settings.c:357  _al_score_display_settings       [   0.00745] Single Buffer requirement not met.
display  D d:\Libraries\build\allegro\src\allegro-5.0.x\allegro-5.0.x\src\display_settings.c:357  _al_score_display_settings       [   0.00746] Single Buffer requirement not met.
display  D d:\Libraries\build\allegro\src\allegro-5.0.x\allegro-5.0.x\src\display_settings.c:357  _al_score_display_settings       [   0.00746] Single Buffer requirement not met.
display  D d:\Libraries\build\allegro\src\allegro-5.0.x\allegro-5.0.x\src\display_settings.c:357  _al_score_display_settings       [   0.00747] Single Buffer requirement not met.
display  D d:\Libraries\build\allegro\src\allegro-5.0.x\allegro-5.0.x\src\display_settings.c:357  _al_score_display_settings       [   0.00748] Single Buffer requirement not met.
display  D d:\Libraries\build\allegro\src\allegro-5.0.x\allegro-5.0.x\src\display_settings.c:357  _al_score_display_settings       [   0.00749] Single Buffer requirement not met.
display  D d:\Libraries\build\allegro\src\allegro-5.0.x\allegro-5.0.x\src\display_settings.c:357  _al_score_display_settings       [   0.00750] Single Buffer requirement not met.
display  D d:\Libraries\build\allegro\src\allegro-5.0.x\allegro-5.0.x\src\display_settings.c:357  _al_score_display_settings       [   0.00750] Single Buffer requirement not met.
display  D d:\Libraries\build\allegro\src\allegro-5.0.x\allegro-5.0.x\src\display_settings.c:357  _al_score_display_settings       [   0.00751] Single Buffer requirement not met.
display  D d:\Libraries\build\allegro\src\allegro-5.0.x\allegro-5.0.x\src\display_settings.c:357  _al_score_display_settings       [   0.00753] Single Buffer requirement not met.
display  D d:\Libraries\build\allegro\src\allegro-5.0.x\allegro-5.0.x\src\display_settings.c:357  _al_score_display_settings       [   0.00753] Single Buffer requirement not met.
display  D d:\Libraries\build\allegro\src\allegro-5.0.x\allegro-5.0.x\src\display_settings.c:357  _al_score_display_settings       [   0.00754] Single Buffer requirement not met.
display  D d:\Libraries\build\allegro\src\allegro-5.0.x\allegro-5.0.x\src\display_settings.c:357  _al_score_display_settings       [   0.00755] Single Buffer requirement not met.
display  D d:\Libraries\build\allegro\src\allegro-5.0.x\allegro-5.0.x\src\display_settings.c:357  _al_score_display_settings       [   0.00756] Single Buffer requirement not met.
display  D d:\Libraries\build\allegro\src\allegro-5.0.x\allegro-5.0.x\src\display_settings.c:357  _al_score_display_settings       [   0.00757] Single Buffer requirement not met.
display  D d:\Libraries\build\allegro\src\allegro-5.0.x\allegro-5.0.x\src\display_settings.c:357  _al_score_display_settings       [   0.00758] Single Buffer requirement not met.
display  D d:\Libraries\build\allegro\src\allegro-5.0.x\allegro-5.0.x\src\display_settings.c:357  _al_score_display_settings       [   0.00759] Single Buffer requirement not met.
display  D d:\Libraries\build\allegro\src\allegro-5.0.x\allegro-5.0.x\src\display_settings.c:357  _al_score_display_settings       [   0.00759] Single Buffer requirement not met.
display  D d:\Libraries\build\allegro\src\allegro-5.0.x\allegro-5.0.x\src\display_settings.c:357  _al_score_display_settings       [   0.00760] Single Buffer requirement not met.
display  D d:\Libraries\build\allegro\src\allegro-5.0.x\allegro-5.0.x\src\display_settings.c:357  _al_score_display_settings       [   0.00761] Single Buffer requirement not met.
display  D d:\Libraries\build\allegro\src\allegro-5.0.x\allegro-5.0.x\src\display_settings.c:357  _al_score_display_settings       [   0.00762] Single Buffer requirement not met.
display  D d:\Libraries\build\allegro\src\allegro-5.0.x\allegro-5.0.x\src\display_settings.c:357  _al_score_display_settings       [   0.00763] Single Buffer requirement not met.
display  D d:\Libraries\build\allegro\src\allegro-5.0.x\allegro-5.0.x\src\display_settings.c:357  _al_score_display_settings       [   0.00763] Single Buffer requirement not met.
display  D d:\Libraries\build\allegro\src\allegro-5.0.x\allegro-5.0.x\src\display_settings.c:357  _al_score_display_settings       [   0.00764] Single Buffer requirement not met.
display  D d:\Libraries\build\allegro\src\allegro-5.0.x\allegro-5.0.x\src\display_settings.c:357  _al_score_display_settings       [   0.00765] Single Buffer requirement not met.
display  D d:\Libraries\build\allegro\src\allegro-5.0.x\allegro-5.0.x\src\display_settings.c:357  _al_score_display_settings       [   0.00766] Single Buffer requirement not met.
display  D d:\Libraries\build\allegro\src\allegro-5.0.x\allegro-5.0.x\src\display_settings.c:357  _al_score_display_settings       [   0.00767] Single Buffer requirement not met.
display  D d:\Libraries\build\allegro\src\allegro-5.0.x\allegro-5.0.x\src\display_settings.c:357  _al_score_display_settings       [   0.00767] Single Buffer requirement not met.
display  D d:\Libraries\build\allegro\src\allegro-5.0.x\allegro-5.0.x\src\display_settings.c:357  _al_score_display_settings       [   0.00768] Single Buffer requirement not met.
display  D d:\Libraries\build\allegro\src\allegro-5.0.x\allegro-5.0.x\src\display_settings.c:357  _al_score_display_settings       [   0.00769] Single Buffer requirement not met.
display  D d:\Libraries\build\allegro\src\allegro-5.0.x\allegro-5.0.x\src\display_settings.c:357  _al_score_display_settings       [   0.00770] Single Buffer requirement not met.
display  D d:\Libraries\build\allegro\src\allegro-5.0.x\allegro-5.0.x\src\display_settings.c:357  _al_score_display_settings       [   0.00771] Single Buffer requirement not met.
display  D d:\Libraries\build\allegro\src\allegro-5.0.x\allegro-5.0.x\src\display_settings.c:357  _al_score_display_settings       [   0.00771] Single Buffer requirement not met.
display  D d:\Libraries\build\allegro\src\allegro-5.0.x\allegro-5.0.x\src\display_settings.c:357  _al_score_display_settings       [   0.00772] Single Buffer requirement not met.
display  D d:\Libraries\build\allegro\src\allegro-5.0.x\allegro-5.0.x\src\display_settings.c:357  _al_score_display_settings       [   0.00773] Single Buffer requirement not met.
display  D d:\Libraries\build\allegro\src\allegro-5.0.x\allegro-5.0.x\src\display_settings.c:357  _al_score_display_settings       [   0.00774] Single Buffer requirement not met.
display  D d:\Libraries\build\allegro\src\allegro-5.0.x\allegro-5.0.x\src\display_settings.c:486  _al_score_display_settings       [   0.00775] Score is : 897
display  D d:\Libraries\build\allegro\src\allegro-5.0.x\allegro-5.0.x\src\display_settings.c:486  _al_score_display_settings       [   0.00775] Score is : 897
display  D d:\Libraries\build\allegro\src\allegro-5.0.x\allegro-5.0.x\src\display_settings.c:486  _al_score_display_settings       [   0.00776] Score is : 897
display  D d:\Libraries\build\allegro\src\allegro-5.0.x\allegro-5.0.x\src\display_settings.c:486  _al_score_display_settings       [   0.00777] Score is : 897
display  D d:\Libraries\build\allegro\src\allegro-5.0.x\allegro-5.0.x\src\display_settings.c:486  _al_score_display_settings       [   0.00778] Score is : 897
display  D d:\Libraries\build\allegro\src\allegro-5.0.x\allegro-5.0.x\src\display_settings.c:486  _al_score_display_settings       [   0.00779] Score is : 897
display  D d:\Libraries\build\allegro\src\allegro-5.0.x\allegro-5.0.x\src\display_settings.c:486  _al_score_display_settings       [   0.00780] Score is : 897
display  D d:\Libraries\build\allegro\src\allegro-5.0.x\allegro-5.0.x\src\display_settings.c:486  _al_score_display_settings       [   0.00780] Score is : 769
display  D d:\Libraries\build\allegro\src\allegro-5.0.x\allegro-5.0.x\src\display_settings.c:486  _al_score_display_settings       [   0.00781] Score is : 737
display  D d:\Libraries\build\allegro\src\allegro-5.0.x\allegro-5.0.x\src\display_settings.c:486  _al_score_display_settings       [   0.00782] Score is : 726
display  D d:\Libraries\build\allegro\src\allegro-5.0.x\allegro-5.0.x\src\display_settings.c:486  _al_score_display_settings       [   0.00783] Score is : 721
display  D d:\Libraries\build\allegro\src\allegro-5.0.x\allegro-5.0.x\src\display_settings.c:486  _al_score_display_settings       [   0.00783] Score is : 717
display  D d:\Libraries\build\allegro\src\allegro-5.0.x\allegro-5.0.x\src\display_settings.c:486  _al_score_display_settings       [   0.00784] Score is : 715
display  D d:\Libraries\build\allegro\src\allegro-5.0.x\allegro-5.0.x\src\display_settings.c:486  _al_score_display_settings       [   0.00785] Score is : 714
display  D d:\Libraries\build\allegro\src\allegro-5.0.x\allegro-5.0.x\src\display_settings.c:486  _al_score_display_settings       [   0.00786] Score is : 713
display  D d:\Libraries\build\allegro\src\allegro-5.0.x\allegro-5.0.x\src\display_settings.c:486  _al_score_display_settings       [   0.00787] Score is : 769
display  D d:\Libraries\build\allegro\src\allegro-5.0.x\allegro-5.0.x\src\display_settings.c:486  _al_score_display_settings       [   0.00788] Score is : 737
display  D d:\Libraries\build\allegro\src\allegro-5.0.x\allegro-5.0.x\src\display_settings.c:486  _al_score_display_settings       [   0.00788] Score is : 726
display  D d:\Libraries\build\allegro\src\allegro-5.0.x\allegro-5.0.x\src\display_settings.c:486  _al_score_display_settings       [   0.00789] Score is : 721
display  D d:\Libraries\build\allegro\src\allegro-5.0.x\allegro-5.0.x\src\display_settings.c:486  _al_score_display_settings       [   0.00790] Score is : 717
display  D d:\Libraries\build\allegro\src\allegro-5.0.x\allegro-5.0.x\src\display_settings.c:486  _al_score_display_settings       [   0.00791] Score is : 715
display  D d:\Libraries\build\allegro\src\allegro-5.0.x\allegro-5.0.x\src\display_settings.c:486  _al_score_display_settings       [   0.00791] Score is : 714
display  D d:\Libraries\build\allegro\src\allegro-5.0.x\allegro-5.0.x\src\display_settings.c:486  _al_score_display_settings       [   0.00792] Score is : 713
display  D d:\Libraries\build\allegro\src\allegro-5.0.x\allegro-5.0.x\src\display_settings.c:486  _al_score_display_settings       [   0.00793] Score is : 769
display  D d:\Libraries\build\allegro\src\allegro-5.0.x\allegro-5.0.x\src\display_settings.c:486  _al_score_display_settings       [   0.00794] Score is : 737
display  D d:\Libraries\build\allegro\src\allegro-5.0.x\allegro-5.0.x\src\display_settings.c:486  _al_score_display_settings       [   0.00795] Score is : 726
display  D d:\Libraries\build\allegro\src\allegro-5.0.x\allegro-5.0.x\src\display_settings.c:486  _al_score_display_settings       [   0.00795] Score is : 721
display  D d:\Libraries\build\allegro\src\allegro-5.0.x\allegro-5.0.x\src\display_settings.c:486  _al_score_display_settings       [   0.00798] Score is : 717
display  D d:\Libraries\build\allegro\src\allegro-5.0.x\allegro-5.0.x\src\display_settings.c:486  _al_score_display_settings       [   0.00799] Score is : 715
display  D d:\Libraries\build\allegro\src\allegro-5.0.x\allegro-5.0.x\src\display_settings.c:486  _al_score_display_settings       [   0.00800] Score is : 714
display  D d:\Libraries\build\allegro\src\allegro-5.0.x\allegro-5.0.x\src\display_settings.c:486  _al_score_display_settings       [   0.00801] Score is : 713
display  D d:\Libraries\build\allegro\src\allegro-5.0.x\allegro-5.0.x\src\display_settings.c:486  _al_score_display_settings       [   0.00802] Score is : 769
display  D d:\Libraries\build\allegro\src\allegro-5.0.x\allegro-5.0.x\src\display_settings.c:486  _al_score_display_settings       [   0.00802] Score is : 737
display  D d:\Libraries\build\allegro\src\allegro-5.0.x\allegro-5.0.x\src\display_settings.c:486  _al_score_display_settings       [   0.00803] Score is : 726
display  D d:\Libraries\build\allegro\src\allegro-5.0.x\allegro-5.0.x\src\display_settings.c:486  _al_score_display_settings       [   0.00804] Score is : 721
display  D d:\Libraries\build\allegro\src\allegro-5.0.x\allegro-5.0.x\src\display_settings.c:486  _al_score_display_settings       [   0.00805] Score is : 717
display  D d:\Libraries\build\allegro\src\allegro-5.0.x\allegro-5.0.x\src\display_settings.c:486  _al_score_display_settings       [   0.00806] Score is : 715
display  D d:\Libraries\build\allegro\src\allegro-5.0.x\allegro-5.0.x\src\display_settings.c:486  _al_score_display_settings       [   0.00806] Score is : 714
display  D d:\Libraries\build\allegro\src\allegro-5.0.x\allegro-5.0.x\src\display_settings.c:486  _al_score_display_settings       [   0.00807] Score is : 713
display  D d:\Libraries\build\allegro\src\allegro-5.0.x\allegro-5.0.x\src\display_settings.c:486  _al_score_display_settings       [   0.00808] Score is : 769
display  D d:\Libraries\build\allegro\src\allegro-5.0.x\allegro-5.0.x\src\display_settings.c:486  _al_score_display_settings       [   0.00809] Score is : 737
display  D d:\Libraries\build\allegro\src\allegro-5.0.x\allegro-5.0.x\src\display_settings.c:486  _al_score_display_settings       [   0.00810] Score is : 726
display  D d:\Libraries\build\allegro\src\allegro-5.0.x\allegro-5.0.x\src\display_settings.c:486  _al_score_display_settings       [   0.00810] Score is : 721
display  D d:\Libraries\build\allegro\src\allegro-5.0.x\allegro-5.0.x\src\display_settings.c:486  _al_score_display_settings       [   0.00811] Score is : 717
display  D d:\Libraries\build\allegro\src\allegro-5.0.x\allegro-5.0.x\src\display_settings.c:486  _al_score_display_settings       [   0.00812] Score is : 715
display  D d:\Libraries\build\allegro\src\allegro-5.0.x\allegro-5.0.x\src\display_settings.c:486  _al_score_display_settings       [   0.00813] Score is : 714
display  D d:\Libraries\build\allegro\src\allegro-5.0.x\allegro-5.0.x\src\display_settings.c:486  _al_score_display_settings       [   0.00813] Score is : 713
display  D d:\Libraries\build\allegro\src\allegro-5.0.x\allegro-5.0.x\src\display_settings.c:486  _al_score_display_settings       [   0.00814] Score is : 769
display  D d:\Libraries\build\allegro\src\allegro-5.0.x\allegro-5.0.x\src\display_settings.c:486  _al_score_display_settings       [   0.00815] Score is : 737
display  D d:\Libraries\build\allegro\src\allegro-5.0.x\allegro-5.0.x\src\display_settings.c:486  _al_score_display_settings       [   0.00816] Score is : 726
display  D d:\Libraries\build\allegro\src\allegro-5.0.x\allegro-5.0.x\src\display_settings.c:486  _al_score_display_settings       [   0.00817] Score is : 721
display  D d:\Libraries\build\allegro\src\allegro-5.0.x\allegro-5.0.x\src\display_settings.c:486  _al_score_display_settings       [   0.00817] Score is : 717
display  D d:\Libraries\build\allegro\src\allegro-5.0.x\allegro-5.0.x\src\display_settings.c:486  _al_score_display_settings       [   0.00819] Score is : 715
display  D d:\Libraries\build\allegro\src\allegro-5.0.x\allegro-5.0.x\src\display_settings.c:486  _al_score_display_settings       [   0.00820] Score is : 714
display  D d:\Libraries\build\allegro\src\allegro-5.0.x\allegro-5.0.x\src\display_settings.c:486  _al_score_display_settings       [   0.00820] Score is : 713
display  D d:\Libraries\build\allegro\src\allegro-5.0.x\allegro-5.0.x\src\display_settings.c:486  _al_score_display_settings       [   0.00821] Score is : 769
display  D d:\Libraries\build\allegro\src\allegro-5.0.x\allegro-5.0.x\src\display_settings.c:486  _al_score_display_settings       [   0.00822] Score is : 737
display  D d:\Libraries\build\allegro\src\allegro-5.0.x\allegro-5.0.x\src\display_settings.c:486  _al_score_display_settings       [   0.00823] Score is : 726
display  D d:\Libraries\build\allegro\src\allegro-5.0.x\allegro-5.0.x\src\display_settings.c:486  _al_score_display_settings       [   0.00824] Score is : 721
display  D d:\Libraries\build\allegro\src\allegro-5.0.x\allegro-5.0.x\src\display_settings.c:486  _al_score_display_settings       [   0.00824] Score is : 717
display  D d:\Libraries\build\allegro\src\allegro-5.0.x\allegro-5.0.x\src\display_settings.c:486  _al_score_display_settings       [   0.00825] Score is : 715
display  D d:\Libraries\build\allegro\src\allegro-5.0.x\allegro-5.0.x\src\display_settings.c:486  _al_score_display_settings       [   0.00826] Score is : 714
display  D d:\Libraries\build\allegro\src\allegro-5.0.x\allegro-5.0.x\src\display_settings.c:486  _al_score_display_settings       [   0.00827] Score is : 713
display  D d:\Libraries\build\allegro\src\allegro-5.0.x\allegro-5.0.x\src\display_settings.c:357  _al_score_display_settings       [   0.00828] Single Buffer requirement not met.
display  D d:\Libraries\build\allegro\src\allegro-5.0.x\allegro-5.0.x\src\display_settings.c:357  _al_score_display_settings       [   0.00828] Single Buffer requirement not met.
display  D d:\Libraries\build\allegro\src\allegro-5.0.x\allegro-5.0.x\src\display_settings.c:357  _al_score_display_settings       [   0.00829] Single Buffer requirement not met.
display  D d:\Libraries\build\allegro\src\allegro-5.0.x\allegro-5.0.x\src\display_settings.c:357  _al_score_display_settings       [   0.00830] Single Buffer requirement not met.
display  D d:\Libraries\build\allegro\src\allegro-5.0.x\allegro-5.0.x\src\display_settings.c:357  _al_score_display_settings       [   0.00831] Single Buffer requirement not met.
display  D d:\Libraries\build\allegro\src\allegro-5.0.x\allegro-5.0.x\src\display_settings.c:357  _al_score_display_settings       [   0.00832] Single Buffer requirement not met.
display  D d:\Libraries\build\allegro\src\allegro-5.0.x\allegro-5.0.x\src\display_settings.c:357  _al_score_display_settings       [   0.00832] Single Buffer requirement not met.
display  D d:\Libraries\build\allegro\src\allegro-5.0.x\allegro-5.0.x\src\display_settings.c:357  _al_score_display_settings       [   0.00833] Single Buffer requirement not met.
display  D d:\Libraries\build\allegro\src\allegro-5.0.x\allegro-5.0.x\src\display_settings.c:357  _al_score_display_settings       [   0.00834] Single Buffer requirement not met.
display  D d:\Libraries\build\allegro\src\allegro-5.0.x\allegro-5.0.x\src\display_settings.c:357  _al_score_display_settings       [   0.00835] Single Buffer requirement not met.
display  D d:\Libraries\build\allegro\src\allegro-5.0.x\allegro-5.0.x\src\display_settings.c:357  _al_score_display_settings       [   0.00836] Single Buffer requirement not met.
display  D d:\Libraries\build\allegro\src\allegro-5.0.x\allegro-5.0.x\src\display_settings.c:357  _al_score_display_settings       [   0.00836] Single Buffer requirement not met.
display  D d:\Libraries\build\allegro\src\allegro-5.0.x\allegro-5.0.x\src\display_settings.c:357  _al_score_display_settings       [   0.00837] Single Buffer requirement not met.
display  D d:\Libraries\build\allegro\src\allegro-5.0.x\allegro-5.0.x\src\display_settings.c:357  _al_score_display_settings       [   0.00839] Single Buffer requirement not met.
display  D d:\Libraries\build\allegro\src\allegro-5.0.x\allegro-5.0.x\src\display_settings.c:357  _al_score_display_settings       [   0.00840] Single Buffer requirement not met.
display  D d:\Libraries\build\allegro\src\allegro-5.0.x\allegro-5.0.x\src\display_settings.c:357  _al_score_display_settings       [   0.00840] Single Buffer requirement not met.
display  D d:\Libraries\build\allegro\src\allegro-5.0.x\allegro-5.0.x\src\display_settings.c:357  _al_score_display_settings       [   0.00841] Single Buffer requirement not met.
display  D d:\Libraries\build\allegro\src\allegro-5.0.x\allegro-5.0.x\src\display_settings.c:357  _al_score_display_settings       [   0.00842] Single Buffer requirement not met.
display  D d:\Libraries\build\allegro\src\allegro-5.0.x\allegro-5.0.x\src\display_settings.c:357  _al_score_display_settings       [   0.00843] Single Buffer requirement not met.
display  D d:\Libraries\build\allegro\src\allegro-5.0.x\allegro-5.0.x\src\display_settings.c:357  _al_score_display_settings       [   0.00844] Single Buffer requirement not met.
display  D d:\Libraries\build\allegro\src\allegro-5.0.x\allegro-5.0.x\src\display_settings.c:357  _al_score_display_settings       [   0.00844] Single Buffer requirement not met.
display  D d:\Libraries\build\allegro\src\allegro-5.0.x\allegro-5.0.x\src\display_settings.c:357  _al_score_display_settings       [   0.00845] Single Buffer requirement not met.
display  D d:\Libraries\build\allegro\src\allegro-5.0.x\allegro-5.0.x\src\display_settings.c:357  _al_score_display_settings       [   0.00846] Single Buffer requirement not met.
display  D d:\Libraries\build\allegro\src\allegro-5.0.x\allegro-5.0.x\src\display_settings.c:357  _al_score_display_settings       [   0.00847] Single Buffer requirement not met.
display  D d:\Libraries\build\allegro\src\allegro-5.0.x\allegro-5.0.x\src\display_settings.c:357  _al_score_display_settings       [   0.00848] Single Buffer requirement not met.
display  D d:\Libraries\build\allegro\src\allegro-5.0.x\allegro-5.0.x\src\display_settings.c:357  _al_score_display_settings       [   0.00848] Single Buffer requirement not met.
display  D d:\Libraries\build\allegro\src\allegro-5.0.x\allegro-5.0.x\src\display_settings.c:357  _al_score_display_settings       [   0.00849] Single Buffer requirement not met.
display  D d:\Libraries\build\allegro\src\allegro-5.0.x\allegro-5.0.x\src\display_settings.c:357  _al_score_display_settings       [   0.00850] Single Buffer requirement not met.
display  D d:\Libraries\build\allegro\src\allegro-5.0.x\allegro-5.0.x\src\display_settings.c:357  _al_score_display_settings       [   0.00851] Single Buffer requirement not met.
display  D d:\Libraries\build\allegro\src\allegro-5.0.x\allegro-5.0.x\src\display_settings.c:357  _al_score_display_settings       [   0.00852] Single Buffer requirement not met.
display  D d:\Libraries\build\allegro\src\allegro-5.0.x\allegro-5.0.x\src\display_settings.c:357  _al_score_display_settings       [   0.00853] Single Buffer requirement not met.
display  D d:\Libraries\build\allegro\src\allegro-5.0.x\allegro-5.0.x\src\display_settings.c:357  _al_score_display_settings       [   0.00854] Single Buffer requirement not met.
display  D d:\Libraries\build\allegro\src\allegro-5.0.x\allegro-5.0.x\src\display_settings.c:357  _al_score_display_settings       [   0.00854] Single Buffer requirement not met.
display  D d:\Libraries\build\allegro\src\allegro-5.0.x\allegro-5.0.x\src\display_settings.c:357  _al_score_display_settings       [   0.00855] Single Buffer requirement not met.
display  D d:\Libraries\build\allegro\src\allegro-5.0.x\allegro-5.0.x\src\display_settings.c:357  _al_score_display_settings       [   0.00856] Single Buffer requirement not met.
display  D d:\Libraries\build\allegro\src\allegro-5.0.x\allegro-5.0.x\src\display_settings.c:357  _al_score_display_settings       [   0.00857] Single Buffer requirement not met.
display  D d:\Libraries\build\allegro\src\allegro-5.0.x\allegro-5.0.x\src\display_settings.c:357  _al_score_display_settings       [   0.00858] Single Buffer requirement not met.
display  D d:\Libraries\build\allegro\src\allegro-5.0.x\allegro-5.0.x\src\display_settings.c:357  _al_score_display_settings       [   0.00859] Single Buffer requirement not met.
display  D d:\Libraries\build\allegro\src\allegro-5.0.x\allegro-5.0.x\src\display_settings.c:357  _al_score_display_settings       [   0.00859] Single Buffer requirement not met.
display  D d:\Libraries\build\allegro\src\allegro-5.0.x\allegro-5.0.x\src\display_settings.c:357  _al_score_display_settings       [   0.00860] Single Buffer requirement not met.
display  D d:\Libraries\build\allegro\src\allegro-5.0.x\allegro-5.0.x\src\display_settings.c:357  _al_score_display_settings       [   0.00861] Single Buffer requirement not met.
display  D d:\Libraries\build\allegro\src\allegro-5.0.x\allegro-5.0.x\src\display_settings.c:357  _al_score_display_settings       [   0.00862] Single Buffer requirement not met.
display  D d:\Libraries\build\allegro\src\allegro-5.0.x\allegro-5.0.x\src\display_settings.c:357  _al_score_display_settings       [   0.00863] Single Buffer requirement not met.
display  D d:\Libraries\build\allegro\src\allegro-5.0.x\allegro-5.0.x\src\display_settings.c:357  _al_score_display_settings       [   0.00863] Single Buffer requirement not met.
display  D d:\Libraries\build\allegro\src\allegro-5.0.x\allegro-5.0.x\src\display_settings.c:357  _al_score_display_settings       [   0.00864] Single Buffer requirement not met.
display  D d:\Libraries\build\allegro\src\allegro-5.0.x\allegro-5.0.x\src\display_settings.c:357  _al_score_display_settings       [   0.00865] Single Buffer requirement not met.
display  D d:\Libraries\build\allegro\src\allegro-5.0.x\allegro-5.0.x\src\display_settings.c:357  _al_score_display_settings       [   0.00866] Single Buffer requirement not met.
display  D d:\Libraries\build\allegro\src\allegro-5.0.x\allegro-5.0.x\src\display_settings.c:357  _al_score_display_settings       [   0.00867] Single Buffer requirement not met.
display  D d:\Libraries\build\allegro\src\allegro-5.0.x\allegro-5.0.x\src\display_settings.c:357  _al_score_display_settings       [   0.00868] Single Buffer requirement not met.
display  D d:\Libraries\build\allegro\src\allegro-5.0.x\allegro-5.0.x\src\display_settings.c:357  _al_score_display_settings       [   0.00868] Single Buffer requirement not met.
display  D d:\Libraries\build\allegro\src\allegro-5.0.x\allegro-5.0.x\src\display_settings.c:357  _al_score_display_settings       [   0.00869] Single Buffer requirement not met.
display  D d:\Libraries\build\allegro\src\allegro-5.0.x\allegro-5.0.x\src\display_settings.c:357  _al_score_display_settings       [   0.00870] Single Buffer requirement not met.
display  D d:\Libraries\build\allegro\src\allegro-5.0.x\allegro-5.0.x\src\display_settings.c:357  _al_score_display_settings       [   0.00871] Single Buffer requirement not met.
display  D d:\Libraries\build\allegro\src\allegro-5.0.x\allegro-5.0.x\src\display_settings.c:357  _al_score_display_settings       [   0.00871] Single Buffer requirement not met.
display  D d:\Libraries\build\allegro\src\allegro-5.0.x\allegro-5.0.x\src\display_settings.c:357  _al_score_display_settings       [   0.00872] Single Buffer requirement not met.
display  D d:\Libraries\build\allegro\src\allegro-5.0.x\allegro-5.0.x\src\display_settings.c:357  _al_score_display_settings       [   0.00873] Single Buffer requirement not met.
display  D d:\Libraries\build\allegro\src\allegro-5.0.x\allegro-5.0.x\src\display_settings.c:357  _al_score_display_settings       [   0.00874] Single Buffer requirement not met.
display  D d:\Libraries\build\allegro\src\allegro-5.0.x\allegro-5.0.x\src\display_settings.c:357  _al_score_display_settings       [   0.00875] Single Buffer requirement not met.
display  D d:\Libraries\build\allegro\src\allegro-5.0.x\allegro-5.0.x\src\display_settings.c:357  _al_score_display_settings       [   0.00875] Single Buffer requirement not met.
display  D d:\Libraries\build\allegro\src\allegro-5.0.x\allegro-5.0.x\src\display_settings.c:357  _al_score_display_settings       [   0.00876] Single Buffer requirement not met.
display  D d:\Libraries\build\allegro\src\allegro-5.0.x\allegro-5.0.x\src\display_settings.c:357  _al_score_display_settings       [   0.00877] Single Buffer requirement not met.
display  D d:\Libraries\build\allegro\src\allegro-5.0.x\allegro-5.0.x\src\display_settings.c:357  _al_score_display_settings       [   0.00878] Single Buffer requirement not met.
display  D d:\Libraries\build\allegro\src\allegro-5.0.x\allegro-5.0.x\src\display_settings.c:357  _al_score_display_settings       [   0.00879] Single Buffer requirement not met.
display  D d:\Libraries\build\allegro\src\allegro-5.0.x\allegro-5.0.x\src\display_settings.c:486  _al_score_display_settings       [   0.00880] Score is : 769
display  D d:\Libraries\build\allegro\src\allegro-5.0.x\allegro-5.0.x\src\display_settings.c:486  _al_score_display_settings       [   0.00881] Score is : 769
display  D d:\Libraries\build\allegro\src\allegro-5.0.x\allegro-5.0.x\src\display_settings.c:486  _al_score_display_settings       [   0.00881] Score is : 769
display  D d:\Libraries\build\allegro\src\allegro-5.0.x\allegro-5.0.x\src\display_settings.c:486  _al_score_display_settings       [   0.00882] Score is : 769
display  D d:\Libraries\build\allegro\src\allegro-5.0.x\allegro-5.0.x\src\display_settings.c:486  _al_score_display_settings       [   0.00883] Score is : 769
display  D d:\Libraries\build\allegro\src\allegro-5.0.x\allegro-5.0.x\src\display_settings.c:486  _al_score_display_settings       [   0.00884] Score is : 769
display  D d:\Libraries\build\allegro\src\allegro-5.0.x\allegro-5.0.x\src\display_settings.c:486  _al_score_display_settings       [   0.00884] Score is : 769
display  D d:\Libraries\build\allegro\src\allegro-5.0.x\allegro-5.0.x\src\display_settings.c:486  _al_score_display_settings       [   0.00885] Score is : 641
display  D d:\Libraries\build\allegro\src\allegro-5.0.x\allegro-5.0.x\src\display_settings.c:486  _al_score_display_settings       [   0.00886] Score is : 609
display  D d:\Libraries\build\allegro\src\allegro-5.0.x\allegro-5.0.x\src\display_settings.c:486  _al_score_display_settings       [   0.00887] Score is : 598
display  D d:\Libraries\build\allegro\src\allegro-5.0.x\allegro-5.0.x\src\display_settings.c:486  _al_score_display_settings       [   0.00888] Score is : 593
display  D d:\Libraries\build\allegro\src\allegro-5.0.x\allegro-5.0.x\src\display_settings.c:486  _al_score_display_settings       [   0.00888] Score is : 589
display  D d:\Libraries\build\allegro\src\allegro-5.0.x\allegro-5.0.x\src\display_settings.c:486  _al_score_display_settings       [   0.00889] Score is : 587
display  D d:\Libraries\build\allegro\src\allegro-5.0.x\allegro-5.0.x\src\display_settings.c:486  _al_score_display_settings       [   0.00890] Score is : 586
display  D d:\Libraries\build\allegro\src\allegro-5.0.x\allegro-5.0.x\src\display_settings.c:486  _al_score_display_settings       [   0.00891] Score is : 585
display  D d:\Libraries\build\allegro\src\allegro-5.0.x\allegro-5.0.x\src\display_settings.c:486  _al_score_display_settings       [   0.00892] Score is : 641
display  D d:\Libraries\build\allegro\src\allegro-5.0.x\allegro-5.0.x\src\display_settings.c:486  _al_score_display_settings       [   0.00892] Score is : 609
display  D d:\Libraries\build\allegro\src\allegro-5.0.x\allegro-5.0.x\src\display_settings.c:486  _al_score_display_settings       [   0.00893] Score is : 598
display  D d:\Libraries\build\allegro\src\allegro-5.0.x\allegro-5.0.x\src\display_settings.c:486  _al_score_display_settings       [   0.00894] Score is : 593
display  D d:\Libraries\build\allegro\src\allegro-5.0.x\allegro-5.0.x\src\display_settings.c:486  _al_score_display_settings       [   0.00895] Score is : 589
display  D d:\Libraries\build\allegro\src\allegro-5.0.x\allegro-5.0.x\src\display_settings.c:486  _al_score_display_settings       [   0.00895] Score is : 587
display  D d:\Libraries\build\allegro\src\allegro-5.0.x\allegro-5.0.x\src\display_settings.c:486  _al_score_display_settings       [   0.00896] Score is : 586
display  D d:\Libraries\build\allegro\src\allegro-5.0.x\allegro-5.0.x\src\display_settings.c:486  _al_score_display_settings       [   0.00897] Score is : 585
display  D d:\Libraries\build\allegro\src\allegro-5.0.x\allegro-5.0.x\src\display_settings.c:486  _al_score_display_settings       [   0.00898] Score is : 641
display  D d:\Libraries\build\allegro\src\allegro-5.0.x\allegro-5.0.x\src\display_settings.c:486  _al_score_display_settings       [   0.00899] Score is : 609
display  D d:\Libraries\build\allegro\src\allegro-5.0.x\allegro-5.0.x\src\display_settings.c:486  _al_score_display_settings       [   0.00900] Score is : 598
display  D d:\Libraries\build\allegro\src\allegro-5.0.x\allegro-5.0.x\src\display_settings.c:486  _al_score_display_settings       [   0.00900] Score is : 593
display  D d:\Libraries\build\allegro\src\allegro-5.0.x\allegro-5.0.x\src\display_settings.c:486  _al_score_display_settings       [   0.00901] Score is : 589
display  D d:\Libraries\build\allegro\src\allegro-5.0.x\allegro-5.0.x\src\display_settings.c:486  _al_score_display_settings       [   0.00902] Score is : 587
display  D d:\Libraries\build\allegro\src\allegro-5.0.x\allegro-5.0.x\src\display_settings.c:486  _al_score_display_settings       [   0.00903] Score is : 586
display  D d:\Libraries\build\allegro\src\allegro-5.0.x\allegro-5.0.x\src\display_settings.c:486  _al_score_display_settings       [   0.00903] Score is : 585
display  D d:\Libraries\build\allegro\src\allegro-5.0.x\allegro-5.0.x\src\display_settings.c:486  _al_score_display_settings       [   0.00904] Score is : 641
display  D d:\Libraries\build\allegro\src\allegro-5.0.x\allegro-5.0.x\src\display_settings.c:486  _al_score_display_settings       [   0.00905] Score is : 609
display  D d:\Libraries\build\allegro\src\allegro-5.0.x\allegro-5.0.x\src\display_settings.c:486  _al_score_display_settings       [   0.00906] Score is : 598
display  D d:\Libraries\build\allegro\src\allegro-5.0.x\allegro-5.0.x\src\display_settings.c:486  _al_score_display_settings       [   0.00907] Score is : 593
display  D d:\Libraries\build\allegro\src\allegro-5.0.x\allegro-5.0.x\src\display_settings.c:486  _al_score_display_settings       [   0.00907] Score is : 589
display  D d:\Libraries\build\allegro\src\allegro-5.0.x\allegro-5.0.x\src\display_settings.c:486  _al_score_display_settings       [   0.00908] Score is : 587
display  D d:\Libraries\build\allegro\src\allegro-5.0.x\allegro-5.0.x\src\display_settings.c:486  _al_score_display_settings       [   0.00909] Score is : 586
display  D d:\Libraries\build\allegro\src\allegro-5.0.x\allegro-5.0.x\src\display_settings.c:486  _al_score_display_settings       [   0.00910] Score is : 585
display  D d:\Libraries\build\allegro\src\allegro-5.0.x\allegro-5.0.x\src\display_settings.c:486  _al_score_display_settings       [   0.00911] Score is : 641
display  D d:\Libraries\build\allegro\src\allegro-5.0.x\allegro-5.0.x\src\display_settings.c:486  _al_score_display_settings       [   0.00911] Score is : 609
display  D d:\Libraries\build\allegro\src\allegro-5.0.x\allegro-5.0.x\src\display_settings.c:486  _al_score_display_settings       [   0.00912] Score is : 598
display  D d:\Libraries\build\allegro\src\allegro-5.0.x\allegro-5.0.x\src\display_settings.c:486  _al_score_display_settings       [   0.00913] Score is : 593
display  D d:\Libraries\build\allegro\src\allegro-5.0.x\allegro-5.0.x\src\display_settings.c:486  _al_score_display_settings       [   0.00914] Score is : 589
display  D d:\Libraries\build\allegro\src\allegro-5.0.x\allegro-5.0.x\src\display_settings.c:486  _al_score_display_settings       [   0.00914] Score is : 587
display  D d:\Libraries\build\allegro\src\allegro-5.0.x\allegro-5.0.x\src\display_settings.c:486  _al_score_display_settings       [   0.00915] Score is : 586
display  D d:\Libraries\build\allegro\src\allegro-5.0.x\allegro-5.0.x\src\display_settings.c:486  _al_score_display_settings       [   0.00916] Score is : 585
display  D d:\Libraries\build\allegro\src\allegro-5.0.x\allegro-5.0.x\src\display_settings.c:486  _al_score_display_settings       [   0.00917] Score is : 641
display  D d:\Libraries\build\allegro\src\allegro-5.0.x\allegro-5.0.x\src\display_settings.c:486  _al_score_display_settings       [   0.00918] Score is : 609
display  D d:\Libraries\build\allegro\src\allegro-5.0.x\allegro-5.0.x\src\display_settings.c:486  _al_score_display_settings       [   0.00919] Score is : 598
display  D d:\Libraries\build\allegro\src\allegro-5.0.x\allegro-5.0.x\src\display_settings.c:486  _al_score_display_settings       [   0.00919] Score is : 593
display  D d:\Libraries\build\allegro\src\allegro-5.0.x\allegro-5.0.x\src\display_settings.c:486  _al_score_display_settings       [   0.00920] Score is : 589
display  D d:\Libraries\build\allegro\src\allegro-5.0.x\allegro-5.0.x\src\display_settings.c:486  _al_score_display_settings       [   0.00921] Score is : 587
display  D d:\Libraries\build\allegro\src\allegro-5.0.x\allegro-5.0.x\src\display_settings.c:486  _al_score_display_settings       [   0.00922] Score is : 586
display  D d:\Libraries\build\allegro\src\allegro-5.0.x\allegro-5.0.x\src\display_settings.c:486  _al_score_display_settings       [   0.00923] Score is : 585
display  D d:\Libraries\build\allegro\src\allegro-5.0.x\allegro-5.0.x\src\display_settings.c:486  _al_score_display_settings       [   0.00923] Score is : 641
display  D d:\Libraries\build\allegro\src\allegro-5.0.x\allegro-5.0.x\src\display_settings.c:486  _al_score_display_settings       [   0.00924] Score is : 609
display  D d:\Libraries\build\allegro\src\allegro-5.0.x\allegro-5.0.x\src\display_settings.c:486  _al_score_display_settings       [   0.00925] Score is : 598
display  D d:\Libraries\build\allegro\src\allegro-5.0.x\allegro-5.0.x\src\display_settings.c:486  _al_score_display_settings       [   0.00926] Score is : 593
display  D d:\Libraries\build\allegro\src\allegro-5.0.x\allegro-5.0.x\src\display_settings.c:486  _al_score_display_settings       [   0.00926] Score is : 589
display  D d:\Libraries\build\allegro\src\allegro-5.0.x\allegro-5.0.x\src\display_settings.c:486  _al_score_display_settings       [   0.00927] Score is : 587
display  D d:\Libraries\build\allegro\src\allegro-5.0.x\allegro-5.0.x\src\display_settings.c:486  _al_score_display_settings       [   0.00928] Score is : 586
display  D d:\Libraries\build\allegro\src\allegro-5.0.x\allegro-5.0.x\src\display_settings.c:486  _al_score_display_settings       [   0.00929] Score is : 585
display  D d:\Libraries\build\allegro\src\allegro-5.0.x\allegro-5.0.x\src\display_settings.c:357  _al_score_display_settings       [   0.00930] Single Buffer requirement not met.
display  D d:\Libraries\build\allegro\src\allegro-5.0.x\allegro-5.0.x\src\display_settings.c:357  _al_score_display_settings       [   0.00930] Single Buffer requirement not met.
display  D d:\Libraries\build\allegro\src\allegro-5.0.x\allegro-5.0.x\src\display_settings.c:357  _al_score_display_settings       [   0.00931] Single Buffer requirement not met.
display  D d:\Libraries\build\allegro\src\allegro-5.0.x\allegro-5.0.x\src\display_settings.c:357  _al_score_display_settings       [   0.00932] Single Buffer requirement not met.
display  D d:\Libraries\build\allegro\src\allegro-5.0.x\allegro-5.0.x\src\display_settings.c:357  _al_score_display_settings       [   0.00933] Single Buffer requirement not met.
display  D d:\Libraries\build\allegro\src\allegro-5.0.x\allegro-5.0.x\src\display_settings.c:357  _al_score_display_settings       [   0.00934] Single Buffer requirement not met.
display  D d:\Libraries\build\allegro\src\allegro-5.0.x\allegro-5.0.x\src\display_settings.c:357  _al_score_display_settings       [   0.00934] Single Buffer requirement not met.
display  D d:\Libraries\build\allegro\src\allegro-5.0.x\allegro-5.0.x\src\display_settings.c:357  _al_score_display_settings       [   0.00935] Single Buffer requirement not met.
display  D d:\Libraries\build\allegro\src\allegro-5.0.x\allegro-5.0.x\src\display_settings.c:357  _al_score_display_settings       [   0.00936] Single Buffer requirement not met.
display  D d:\Libraries\build\allegro\src\allegro-5.0.x\allegro-5.0.x\src\display_settings.c:357  _al_score_display_settings       [   0.00937] Single Buffer requirement not met.
display  D d:\Libraries\build\allegro\src\allegro-5.0.x\allegro-5.0.x\src\display_settings.c:357  _al_score_display_settings       [   0.00938] Single Buffer requirement not met.
display  D d:\Libraries\build\allegro\src\allegro-5.0.x\allegro-5.0.x\src\display_settings.c:357  _al_score_display_settings       [   0.00939] Single Buffer requirement not met.
display  D d:\Libraries\build\allegro\src\allegro-5.0.x\allegro-5.0.x\src\display_settings.c:357  _al_score_display_settings       [   0.00939] Single Buffer requirement not met.
display  D d:\Libraries\build\allegro\src\allegro-5.0.x\allegro-5.0.x\src\display_settings.c:357  _al_score_display_settings       [   0.00940] Single Buffer requirement not met.
display  D d:\Libraries\build\allegro\src\allegro-5.0.x\allegro-5.0.x\src\display_settings.c:357  _al_score_display_settings       [   0.00941] Single Buffer requirement not met.
display  D d:\Libraries\build\allegro\src\allegro-5.0.x\allegro-5.0.x\src\display_settings.c:357  _al_score_display_settings       [   0.00942] Single Buffer requirement not met.
display  D d:\Libraries\build\allegro\src\allegro-5.0.x\allegro-5.0.x\src\display_settings.c:357  _al_score_display_settings       [   0.00943] Single Buffer requirement not met.
display  D d:\Libraries\build\allegro\src\allegro-5.0.x\allegro-5.0.x\src\display_settings.c:357  _al_score_display_settings       [   0.00943] Single Buffer requirement not met.
display  D d:\Libraries\build\allegro\src\allegro-5.0.x\allegro-5.0.x\src\display_settings.c:357  _al_score_display_settings       [   0.00944] Single Buffer requirement not met.
display  D d:\Libraries\build\allegro\src\allegro-5.0.x\allegro-5.0.x\src\display_settings.c:357  _al_score_display_settings       [   0.00945] Single Buffer requirement not met.
display  D d:\Libraries\build\allegro\src\allegro-5.0.x\allegro-5.0.x\src\display_settings.c:357  _al_score_display_settings       [   0.00946] Single Buffer requirement not met.
display  D d:\Libraries\build\allegro\src\allegro-5.0.x\allegro-5.0.x\src\display_settings.c:357  _al_score_display_settings       [   0.00947] Single Buffer requirement not met.
display  D d:\Libraries\build\allegro\src\allegro-5.0.x\allegro-5.0.x\src\display_settings.c:357  _al_score_display_settings       [   0.00947] Single Buffer requirement not met.
display  D d:\Libraries\build\allegro\src\allegro-5.0.x\allegro-5.0.x\src\display_settings.c:357  _al_score_display_settings       [   0.00948] Single Buffer requirement not met.
display  D d:\Libraries\build\allegro\src\allegro-5.0.x\allegro-5.0.x\src\display_settings.c:357  _al_score_display_settings       [   0.00949] Single Buffer requirement not met.
display  D d:\Libraries\build\allegro\src\allegro-5.0.x\allegro-5.0.x\src\display_settings.c:357  _al_score_display_settings       [   0.00950] Single Buffer requirement not met.
display  D d:\Libraries\build\allegro\src\allegro-5.0.x\allegro-5.0.x\src\display_settings.c:357  _al_score_display_settings       [   0.00951] Single Buffer requirement not met.
display  D d:\Libraries\build\allegro\src\allegro-5.0.x\allegro-5.0.x\src\display_settings.c:357  _al_score_display_settings       [   0.00951] Single Buffer requirement not met.
display  D d:\Libraries\build\allegro\src\allegro-5.0.x\allegro-5.0.x\src\display_settings.c:357  _al_score_display_settings       [   0.00952] Single Buffer requirement not met.
display  D d:\Libraries\build\allegro\src\allegro-5.0.x\allegro-5.0.x\src\display_settings.c:357  _al_score_display_settings       [   0.00953] Single Buffer requirement not met.
display  D d:\Libraries\build\allegro\src\allegro-5.0.x\allegro-5.0.x\src\display_settings.c:357  _al_score_display_settings       [   0.00954] Single Buffer requirement not met.
display  D d:\Libraries\build\allegro\src\allegro-5.0.x\allegro-5.0.x\src\display_settings.c:357  _al_score_display_settings       [   0.00957] Single Buffer requirement not met.
display  D d:\Libraries\build\allegro\src\allegro-5.0.x\allegro-5.0.x\src\display_settings.c:357  _al_score_display_settings       [   0.00958] Single Buffer requirement not met.
display  D d:\Libraries\build\allegro\src\allegro-5.0.x\allegro-5.0.x\src\display_settings.c:357  _al_score_display_settings       [   0.00959] Single Buffer requirement not met.
display  D d:\Libraries\build\allegro\src\allegro-5.0.x\allegro-5.0.x\src\display_settings.c:357  _al_score_display_settings       [   0.00959] Single Buffer requirement not met.
display  D d:\Libraries\build\allegro\src\allegro-5.0.x\allegro-5.0.x\src\display_settings.c:357  _al_score_display_settings       [   0.00960] Single Buffer requirement not met.
display  D d:\Libraries\build\allegro\src\allegro-5.0.x\allegro-5.0.x\src\display_settings.c:357  _al_score_display_settings       [   0.00961] Single Buffer requirement not met.
display  D d:\Libraries\build\allegro\src\allegro-5.0.x\allegro-5.0.x\src\display_settings.c:357  _al_score_display_settings       [   0.00962] Single Buffer requirement not met.
display  D d:\Libraries\build\allegro\src\allegro-5.0.x\allegro-5.0.x\src\display_settings.c:357  _al_score_display_settings       [   0.00963] Single Buffer requirement not met.
display  D d:\Libraries\build\allegro\src\allegro-5.0.x\allegro-5.0.x\src\display_settings.c:357  _al_score_display_settings       [   0.00963] Single Buffer requirement not met.
display  D d:\Libraries\build\allegro\src\allegro-5.0.x\allegro-5.0.x\src\display_settings.c:357  _al_score_display_settings       [   0.00964] Single Buffer requirement not met.
display  D d:\Libraries\build\allegro\src\allegro-5.0.x\allegro-5.0.x\src\display_settings.c:357  _al_score_display_settings       [   0.00965] Single Buffer requirement not met.
display  D d:\Libraries\build\allegro\src\allegro-5.0.x\allegro-5.0.x\src\display_settings.c:357  _al_score_display_settings       [   0.00966] Single Buffer requirement not met.
display  D d:\Libraries\build\allegro\src\allegro-5.0.x\allegro-5.0.x\src\display_settings.c:357  _al_score_display_settings       [   0.00967] Single Buffer requirement not met.
display  D d:\Libraries\build\allegro\src\allegro-5.0.x\allegro-5.0.x\src\display_settings.c:357  _al_score_display_settings       [   0.00968] Single Buffer requirement not met.
display  D d:\Libraries\build\allegro\src\allegro-5.0.x\allegro-5.0.x\src\display_settings.c:357  _al_score_display_settings       [   0.00968] Single Buffer requirement not met.
display  D d:\Libraries\build\allegro\src\allegro-5.0.x\allegro-5.0.x\src\display_settings.c:357  _al_score_display_settings       [   0.00969] Single Buffer requirement not met.
display  D d:\Libraries\build\allegro\src\allegro-5.0.x\allegro-5.0.x\src\display_settings.c:357  _al_score_display_settings       [   0.00970] Single Buffer requirement not met.
display  D d:\Libraries\build\allegro\src\allegro-5.0.x\allegro-5.0.x\src\display_settings.c:357  _al_score_display_settings       [   0.00971] Single Buffer requirement not met.
display  D d:\Libraries\build\allegro\src\allegro-5.0.x\allegro-5.0.x\src\display_settings.c:357  _al_score_display_settings       [   0.00972] Single Buffer requirement not met.
display  D d:\Libraries\build\allegro\src\allegro-5.0.x\allegro-5.0.x\src\display_settings.c:357  _al_score_display_settings       [   0.00972] Single Buffer requirement not met.
display  D d:\Libraries\build\allegro\src\allegro-5.0.x\allegro-5.0.x\src\display_settings.c:357  _al_score_display_settings       [   0.00973] Single Buffer requirement not met.
display  D d:\Libraries\build\allegro\src\allegro-5.0.x\allegro-5.0.x\src\display_settings.c:357  _al_score_display_settings       [   0.00974] Single Buffer requirement not met.
display  D d:\Libraries\build\allegro\src\allegro-5.0.x\allegro-5.0.x\src\display_settings.c:357  _al_score_display_settings       [   0.00975] Single Buffer requirement not met.
display  D d:\Libraries\build\allegro\src\allegro-5.0.x\allegro-5.0.x\src\display_settings.c:357  _al_score_display_settings       [   0.00976] Single Buffer requirement not met.
display  D d:\Libraries\build\allegro\src\allegro-5.0.x\allegro-5.0.x\src\display_settings.c:357  _al_score_display_settings       [   0.00977] Single Buffer requirement not met.
display  D d:\Libraries\build\allegro\src\allegro-5.0.x\allegro-5.0.x\src\display_settings.c:357  _al_score_display_settings       [   0.00977] Single Buffer requirement not met.
display  D d:\Libraries\build\allegro\src\allegro-5.0.x\allegro-5.0.x\src\display_settings.c:357  _al_score_display_settings       [   0.00978] Single Buffer requirement not met.
display  D d:\Libraries\build\allegro\src\allegro-5.0.x\allegro-5.0.x\src\display_settings.c:357  _al_score_display_settings       [   0.00979] Single Buffer requirement not met.
display  D d:\Libraries\build\allegro\src\allegro-5.0.x\allegro-5.0.x\src\display_settings.c:357  _al_score_display_settings       [   0.00980] Single Buffer requirement not met.
display  D d:\Libraries\build\allegro\src\allegro-5.0.x\allegro-5.0.x\src\display_settings.c:357  _al_score_display_settings       [   0.00981] Single Buffer requirement not met.
display  D d:\Libraries\build\allegro\src\allegro-5.0.x\allegro-5.0.x\src\display_settings.c:357  _al_score_display_settings       [   0.00981] Single Buffer requirement not met.
display  D d:\Libraries\build\allegro\src\allegro-5.0.x\allegro-5.0.x\src\display_settings.c:357  _al_score_display_settings       [   0.00982] Single Buffer requirement not met.
display  D d:\Libraries\build\allegro\src\allegro-5.0.x\allegro-5.0.x\src\display_settings.c:197  _al_score_display_settings       [   0.00983] Display not compatible with Allegro.
display  D d:\Libraries\build\allegro\src\allegro-5.0.x\allegro-5.0.x\src\display_settings.c:197  _al_score_display_settings       [   0.00984] Display not compatible with Allegro.
display  D d:\Libraries\build\allegro\src\allegro-5.0.x\allegro-5.0.x\src\display_settings.c:197  _al_score_display_settings       [   0.00985] Display not compatible with Allegro.
display  D d:\Libraries\build\allegro\src\allegro-5.0.x\allegro-5.0.x\src\display_settings.c:197  _al_score_display_settings       [   0.00985] Display not compatible with Allegro.
display  D d:\Libraries\build\allegro\src\allegro-5.0.x\allegro-5.0.x\src\display_settings.c:197  _al_score_display_settings       [   0.00986] Display not compatible with Allegro.
display  D d:\Libraries\build\allegro\src\allegro-5.0.x\allegro-5.0.x\src\display_settings.c:197  _al_score_display_settings       [   0.00987] Display not compatible with Allegro.
display  D d:\Libraries\build\allegro\src\allegro-5.0.x\allegro-5.0.x\src\display_settings.c:197  _al_score_display_settings       [   0.00988] Display not compatible with Allegro.
display  D d:\Libraries\build\allegro\src\allegro-5.0.x\allegro-5.0.x\src\display_settings.c:197  _al_score_display_settings       [   0.00989] Display not compatible with Allegro.
display  D d:\Libraries\build\allegro\src\allegro-5.0.x\allegro-5.0.x\src\display_settings.c:197  _al_score_display_settings       [   0.00989] Display not compatible with Allegro.
display  D d:\Libraries\build\allegro\src\allegro-5.0.x\allegro-5.0.x\src\display_settings.c:197  _al_score_display_settings       [   0.00990] Display not compatible with Allegro.
display  D d:\Libraries\build\allegro\src\allegro-5.0.x\allegro-5.0.x\src\display_settings.c:197  _al_score_display_settings       [   0.00991] Display not compatible with Allegro.
display  D d:\Libraries\build\allegro\src\allegro-5.0.x\allegro-5.0.x\src\display_settings.c:197  _al_score_display_settings       [   0.00992] Display not compatible with Allegro.
display  D d:\Libraries\build\allegro\src\allegro-5.0.x\allegro-5.0.x\src\display_settings.c:197  _al_score_display_settings       [   0.00993] Display not compatible with Allegro.
display  D d:\Libraries\build\allegro\src\allegro-5.0.x\allegro-5.0.x\src\display_settings.c:197  _al_score_display_settings       [   0.00994] Display not compatible with Allegro.
d3d      D d:\Libraries\build\allegro\src\allegro-5.0.x\allegro-5.0.x\src\win\d3d_disp.cpp:1836 d3d_create_display_internals     [   0.01002] Trying format 0 of 428.
d3d      I d:\Libraries\build\allegro\src\allegro-5.0.x\allegro-5.0.x\src\win\d3d_disp.cpp:1514 d3d_display_thread_proc          [   0.01023] Chose a display format: 23
d3d      I d:\Libraries\build\allegro\src\allegro-5.0.x\allegro-5.0.x\src\win\d3d_disp.cpp:1583 d3d_display_thread_proc          [   0.01025] Normal window.
d3d      I d:\Libraries\build\allegro\src\allegro-5.0.x\allegro-5.0.x\src\win\d3d_disp.cpp:978  d3d_create_device                [   0.01941] Using no depth stencil buffer
d3d      D d:\Libraries\build\allegro\src\allegro-5.0.x\allegro-5.0.x\src\win\d3d_disp.cpp:1058 d3d_create_device                [   0.02902] BeginScene succeeded in create_device
d3d      D d:\Libraries\build\allegro\src\allegro-5.0.x\allegro-5.0.x\src\win\d3d_disp.cpp:1066 d3d_create_device                [   0.02906] Success
d3d      D d:\Libraries\build\allegro\src\allegro-5.0.x\allegro-5.0.x\src\win\d3d_disp.cpp:1859 d3d_create_display_internals     [   0.02908] Resumed after wait.
d3d      I d:\Libraries\build\allegro\src\allegro-5.0.x\allegro-5.0.x\src\win\d3d_disp.cpp:1884 d3d_create_display_internals     [   0.02917] Format 0 succeeded.
dtor     D d:\Libraries\build\allegro\src\allegro-5.0.x\allegro-5.0.x\src\dtor.c:184  _al_register_destructor          [   0.03878] added dtor for object 0037E7F8, func 6C2BD91C
dtor     D d:\Libraries\build\allegro\src\allegro-5.0.x\allegro-5.0.x\src\dtor.c:184  _al_register_destructor          [   0.03882] added dtor for object 0037F870, func 6C30F0B2
dtor     D d:\Libraries\build\allegro\src\allegro-5.0.x\allegro-5.0.x\src\dtor.c:114  _al_run_destructors              [   0.03891] calling dtor for object 0037F870, func 6C30F0B2
dtor     D d:\Libraries\build\allegro\src\allegro-5.0.x\allegro-5.0.x\src\dtor.c:214  _al_unregister_destructor        [   0.03905] removed dtor for object 0037F870
dtor     D d:\Libraries\build\allegro\src\allegro-5.0.x\allegro-5.0.x\src\dtor.c:114  _al_run_destructors              [   0.03906] calling dtor for object 0037E7F8, func 6C2BD91C
dtor     D d:\Libraries\build\allegro\src\allegro-5.0.x\allegro-5.0.x\src\dtor.c:214  _al_unregister_destructor        [   0.03907] removed dtor for object 0037E7F8
d3d      W d:\Libraries\build\allegro\src\allegro-5.0.x\allegro-5.0.x\src\win\d3d_disp.cpp:798  d3d_destroy_device               [   0.04330] d3d_destroy_device: ref count not 0
d3d      I d:\Libraries\build\allegro\src\allegro-5.0.x\allegro-5.0.x\src\win\d3d_disp.cpp:1705 d3d_display_thread_proc          [   0.05433] d3d display thread exits
