system   D d:\Libraries\build\allegro\src\allegro-5.0.x\allegro-5.0.x\src\win\wsystem.c:630  _al_win_safe_load_library        [   0.00030] PathFindOnPath found: C:\Windows\system32\d3d9.dll
system   D d:\Libraries\build\allegro\src\allegro-5.0.x\allegro-5.0.x\src\win\wsystem.c:544  load_library_at_path             [   0.00035] Calling LoadLibrary C:\Windows\system32\d3d9.dll
system   I d:\Libraries\build\allegro\src\allegro-5.0.x\allegro-5.0.x\src\win\wsystem.c:547  load_library_at_path             [   0.00132] Loaded C:\Windows\system32\d3d9.dll
d3d      I d:\Libraries\build\allegro\src\allegro-5.0.x\allegro-5.0.x\src\win\d3d_disp.cpp:879  _al_d3d_init_display             [   0.01063] Render-to-texture: 1
system   I d:\Libraries\build\allegro\src\allegro-5.0.x\allegro-5.0.x\src\system.c:270  al_install_system                [   0.01066] Allegro version: 5.0.4
d3d      I d:\Libraries\build\allegro\src\allegro-5.0.x\allegro-5.0.x\src\win\d3d_disp.cpp:1919 d3d_create_display_locked        [   0.01185] faux_fullscreen=0
display  D d:\Libraries\build\allegro\src\allegro-5.0.x\allegro-5.0.x\src\display_settings.c:486  _al_score_display_settings       [   0.01330] Score is : 897
display  D d:\Libraries\build\allegro\src\allegro-5.0.x\allegro-5.0.x\src\display_settings.c:486  _al_score_display_settings       [   0.01332] Score is : 897
display  D d:\Libraries\build\allegro\src\allegro-5.0.x\allegro-5.0.x\src\display_settings.c:486  _al_score_display_settings       [   0.01332] Score is : 897
display  D d:\Libraries\build\allegro\src\allegro-5.0.x\allegro-5.0.x\src\display_settings.c:486  _al_score_display_settings       [   0.01333] Score is : 897
display  D d:\Libraries\build\allegro\src\allegro-5.0.x\allegro-5.0.x\src\display_settings.c:486  _al_score_display_settings       [   0.01333] Score is : 769
display  D d:\Libraries\build\allegro\src\allegro-5.0.x\allegro-5.0.x\src\display_settings.c:486  _al_score_display_settings       [   0.01334] Score is : 737
display  D d:\Libraries\build\allegro\src\allegro-5.0.x\allegro-5.0.x\src\display_settings.c:486  _al_score_display_settings       [   0.01335] Score is : 726
display  D d:\Libraries\build\allegro\src\allegro-5.0.x\allegro-5.0.x\src\display_settings.c:486  _al_score_display_settings       [   0.01335] Score is : 721
display  D d:\Libraries\build\allegro\src\allegro-5.0.x\allegro-5.0.x\src\display_settings.c:486  _al_score_display_settings       [   0.01336] Score is : 717
display  D d:\Libraries\build\allegro\src\allegro-5.0.x\allegro-5.0.x\src\display_settings.c:486  _al_score_display_settings       [   0.01337] Score is : 715
display  D d:\Libraries\build\allegro\src\allegro-5.0.x\allegro-5.0.x\src\display_settings.c:486  _al_score_display_settings       [   0.01337] Score is : 714
display  D d:\Libraries\build\allegro\src\allegro-5.0.x\allegro-5.0.x\src\display_settings.c:486  _al_score_display_settings       [   0.01338] Score is : 713
display  D d:\Libraries\build\allegro\src\allegro-5.0.x\allegro-5.0.x\src\display_settings.c:486  _al_score_display_settings       [   0.01338] Score is : 769
display  D d:\Libraries\build\allegro\src\allegro-5.0.x\allegro-5.0.x\src\display_settings.c:486  _al_score_display_settings       [   0.01339] Score is : 737
display  D d:\Libraries\build\allegro\src\allegro-5.0.x\allegro-5.0.x\src\display_settings.c:486  _al_score_display_settings       [   0.01340] Score is : 726
display  D d:\Libraries\build\allegro\src\allegro-5.0.x\allegro-5.0.x\src\display_settings.c:486  _al_score_display_settings       [   0.01340] Score is : 721
display  D d:\Libraries\build\allegro\src\allegro-5.0.x\allegro-5.0.x\src\display_settings.c:486  _al_score_display_settings       [   0.01341] Score is : 717
display  D d:\Libraries\build\allegro\src\allegro-5.0.x\allegro-5.0.x\src\display_settings.c:486  _al_score_display_settings       [   0.01341] Score is : 715
display  D d:\Libraries\build\allegro\src\allegro-5.0.x\allegro-5.0.x\src\display_settings.c:486  _al_score_display_settings       [   0.01342] Score is : 714
display  D d:\Libraries\build\allegro\src\allegro-5.0.x\allegro-5.0.x\src\display_settings.c:486  _al_score_display_settings       [   0.01343] Score is : 713
display  D d:\Libraries\build\allegro\src\allegro-5.0.x\allegro-5.0.x\src\display_settings.c:486  _al_score_display_settings       [   0.01348] Score is : 769
display  D d:\Libraries\build\allegro\src\allegro-5.0.x\allegro-5.0.x\src\display_settings.c:486  _al_score_display_settings       [   0.01349] Score is : 737
display  D d:\Libraries\build\allegro\src\allegro-5.0.x\allegro-5.0.x\src\display_settings.c:486  _al_score_display_settings       [   0.01349] Score is : 726
display  D d:\Libraries\build\allegro\src\allegro-5.0.x\allegro-5.0.x\src\display_settings.c:486  _al_score_display_settings       [   0.01350] Score is : 721
display  D d:\Libraries\build\allegro\src\allegro-5.0.x\allegro-5.0.x\src\display_settings.c:486  _al_score_display_settings       [   0.01351] Score is : 717
display  D d:\Libraries\build\allegro\src\allegro-5.0.x\allegro-5.0.x\src\display_settings.c:486  _al_score_display_settings       [   0.01351] Score is : 715
display  D d:\Libraries\build\allegro\src\allegro-5.0.x\allegro-5.0.x\src\display_settings.c:486  _al_score_display_settings       [   0.01352] Score is : 714
display  D d:\Libraries\build\allegro\src\allegro-5.0.x\allegro-5.0.x\src\display_settings.c:486  _al_score_display_settings       [   0.01352] Score is : 713
display  D d:\Libraries\build\allegro\src\allegro-5.0.x\allegro-5.0.x\src\display_settings.c:486  _al_score_display_settings       [   0.01353] Score is : 769
display  D d:\Libraries\build\allegro\src\allegro-5.0.x\allegro-5.0.x\src\display_settings.c:486  _al_score_display_settings       [   0.01354] Score is : 737
display  D d:\Libraries\build\allegro\src\allegro-5.0.x\allegro-5.0.x\src\display_settings.c:486  _al_score_display_settings       [   0.01354] Score is : 726
display  D d:\Libraries\build\allegro\src\allegro-5.0.x\allegro-5.0.x\src\display_settings.c:486  _al_score_display_settings       [   0.01355] Score is : 721
display  D d:\Libraries\build\allegro\src\allegro-5.0.x\allegro-5.0.x\src\display_settings.c:486  _al_score_display_settings       [   0.01355] Score is : 717
display  D d:\Libraries\build\allegro\src\allegro-5.0.x\allegro-5.0.x\src\display_settings.c:486  _al_score_display_settings       [   0.01356] Score is : 715
display  D d:\Libraries\build\allegro\src\allegro-5.0.x\allegro-5.0.x\src\display_settings.c:486  _al_score_display_settings       [   0.01357] Score is : 714
display  D d:\Libraries\build\allegro\src\allegro-5.0.x\allegro-5.0.x\src\display_settings.c:486  _al_score_display_settings       [   0.01357] Score is : 713
display  D d:\Libraries\build\allegro\src\allegro-5.0.x\allegro-5.0.x\src\display_settings.c:357  _al_score_display_settings       [   0.01358] Single Buffer requirement not met.
display  D d:\Libraries\build\allegro\src\allegro-5.0.x\allegro-5.0.x\src\display_settings.c:357  _al_score_display_settings       [   0.01358] Single Buffer requirement not met.
display  D d:\Libraries\build\allegro\src\allegro-5.0.x\allegro-5.0.x\src\display_settings.c:357  _al_score_display_settings       [   0.01359] Single Buffer requirement not met.
display  D d:\Libraries\build\allegro\src\allegro-5.0.x\allegro-5.0.x\src\display_settings.c:357  _al_score_display_settings       [   0.01360] Single Buffer requirement not met.
display  D d:\Libraries\build\allegro\src\allegro-5.0.x\allegro-5.0.x\src\display_settings.c:357  _al_score_display_settings       [   0.01360] Single Buffer requirement not met.
display  D d:\Libraries\build\allegro\src\allegro-5.0.x\allegro-5.0.x\src\display_settings.c:357  _al_score_display_settings       [   0.01361] Single Buffer requirement not met.
display  D d:\Libraries\build\allegro\src\allegro-5.0.x\allegro-5.0.x\src\display_settings.c:357  _al_score_display_settings       [   0.01361] Single Buffer requirement not met.
display  D d:\Libraries\build\allegro\src\allegro-5.0.x\allegro-5.0.x\src\display_settings.c:357  _al_score_display_settings       [   0.01362] Single Buffer requirement not met.
display  D d:\Libraries\build\allegro\src\allegro-5.0.x\allegro-5.0.x\src\display_settings.c:357  _al_score_display_settings       [   0.01363] Single Buffer requirement not met.
display  D d:\Libraries\build\allegro\src\allegro-5.0.x\allegro-5.0.x\src\display_settings.c:357  _al_score_display_settings       [   0.01363] Single Buffer requirement not met.
display  D d:\Libraries\build\allegro\src\allegro-5.0.x\allegro-5.0.x\src\display_settings.c:357  _al_score_display_settings       [   0.01364] Single Buffer requirement not met.
display  D d:\Libraries\build\allegro\src\allegro-5.0.x\allegro-5.0.x\src\display_settings.c:357  _al_score_display_settings       [   0.01365] Single Buffer requirement not met.
display  D d:\Libraries\build\allegro\src\allegro-5.0.x\allegro-5.0.x\src\display_settings.c:357  _al_score_display_settings       [   0.01365] Single Buffer requirement not met.
display  D d:\Libraries\build\allegro\src\allegro-5.0.x\allegro-5.0.x\src\display_settings.c:357  _al_score_display_settings       [   0.01366] Single Buffer requirement not met.
display  D d:\Libraries\build\allegro\src\allegro-5.0.x\allegro-5.0.x\src\display_settings.c:357  _al_score_display_settings       [   0.01367] Single Buffer requirement not met.
display  D d:\Libraries\build\allegro\src\allegro-5.0.x\allegro-5.0.x\src\display_settings.c:357  _al_score_display_settings       [   0.01367] Single Buffer requirement not met.
display  D d:\Libraries\build\allegro\src\allegro-5.0.x\allegro-5.0.x\src\display_settings.c:357  _al_score_display_settings       [   0.01368] Single Buffer requirement not met.
display  D d:\Libraries\build\allegro\src\allegro-5.0.x\allegro-5.0.x\src\display_settings.c:357  _al_score_display_settings       [   0.01368] Single Buffer requirement not met.
display  D d:\Libraries\build\allegro\src\allegro-5.0.x\allegro-5.0.x\src\display_settings.c:357  _al_score_display_settings       [   0.01369] Single Buffer requirement not met.
display  D d:\Libraries\build\allegro\src\allegro-5.0.x\allegro-5.0.x\src\display_settings.c:357  _al_score_display_settings       [   0.01370] Single Buffer requirement not met.
display  D d:\Libraries\build\allegro\src\allegro-5.0.x\allegro-5.0.x\src\display_settings.c:357  _al_score_display_settings       [   0.01370] Single Buffer requirement not met.
display  D d:\Libraries\build\allegro\src\allegro-5.0.x\allegro-5.0.x\src\display_settings.c:357  _al_score_display_settings       [   0.01371] Single Buffer requirement not met.
display  D d:\Libraries\build\allegro\src\allegro-5.0.x\allegro-5.0.x\src\display_settings.c:357  _al_score_display_settings       [   0.01371] Single Buffer requirement not met.
display  D d:\Libraries\build\allegro\src\allegro-5.0.x\allegro-5.0.x\src\display_settings.c:357  _al_score_display_settings       [   0.01372] Single Buffer requirement not met.
display  D d:\Libraries\build\allegro\src\allegro-5.0.x\allegro-5.0.x\src\display_settings.c:357  _al_score_display_settings       [   0.01373] Single Buffer requirement not met.
display  D d:\Libraries\build\allegro\src\allegro-5.0.x\allegro-5.0.x\src\display_settings.c:357  _al_score_display_settings       [   0.01373] Single Buffer requirement not met.
display  D d:\Libraries\build\allegro\src\allegro-5.0.x\allegro-5.0.x\src\display_settings.c:357  _al_score_display_settings       [   0.01374] Single Buffer requirement not met.
display  D d:\Libraries\build\allegro\src\allegro-5.0.x\allegro-5.0.x\src\display_settings.c:357  _al_score_display_settings       [   0.01374] Single Buffer requirement not met.
display  D d:\Libraries\build\allegro\src\allegro-5.0.x\allegro-5.0.x\src\display_settings.c:357  _al_score_display_settings       [   0.01375] Single Buffer requirement not met.
display  D d:\Libraries\build\allegro\src\allegro-5.0.x\allegro-5.0.x\src\display_settings.c:357  _al_score_display_settings       [   0.01376] Single Buffer requirement not met.
display  D d:\Libraries\build\allegro\src\allegro-5.0.x\allegro-5.0.x\src\display_settings.c:357  _al_score_display_settings       [   0.01376] Single Buffer requirement not met.
display  D d:\Libraries\build\allegro\src\allegro-5.0.x\allegro-5.0.x\src\display_settings.c:357  _al_score_display_settings       [   0.01377] Single Buffer requirement not met.
display  D d:\Libraries\build\allegro\src\allegro-5.0.x\allegro-5.0.x\src\display_settings.c:357  _al_score_display_settings       [   0.01378] Single Buffer requirement not met.
display  D d:\Libraries\build\allegro\src\allegro-5.0.x\allegro-5.0.x\src\display_settings.c:357  _al_score_display_settings       [   0.01379] Single Buffer requirement not met.
display  D d:\Libraries\build\allegro\src\allegro-5.0.x\allegro-5.0.x\src\display_settings.c:357  _al_score_display_settings       [   0.01379] Single Buffer requirement not met.
display  D d:\Libraries\build\allegro\src\allegro-5.0.x\allegro-5.0.x\src\display_settings.c:357  _al_score_display_settings       [   0.01380] Single Buffer requirement not met.
display  D d:\Libraries\build\allegro\src\allegro-5.0.x\allegro-5.0.x\src\display_settings.c:486  _al_score_display_settings       [   0.01380] Score is : 769
display  D d:\Libraries\build\allegro\src\allegro-5.0.x\allegro-5.0.x\src\display_settings.c:486  _al_score_display_settings       [   0.01381] Score is : 769
display  D d:\Libraries\build\allegro\src\allegro-5.0.x\allegro-5.0.x\src\display_settings.c:486  _al_score_display_settings       [   0.01382] Score is : 769
display  D d:\Libraries\build\allegro\src\allegro-5.0.x\allegro-5.0.x\src\display_settings.c:486  _al_score_display_settings       [   0.01383] Score is : 769
display  D d:\Libraries\build\allegro\src\allegro-5.0.x\allegro-5.0.x\src\display_settings.c:486  _al_score_display_settings       [   0.01383] Score is : 769
display  D d:\Libraries\build\allegro\src\allegro-5.0.x\allegro-5.0.x\src\display_settings.c:486  _al_score_display_settings       [   0.01384] Score is : 641
display  D d:\Libraries\build\allegro\src\allegro-5.0.x\allegro-5.0.x\src\display_settings.c:486  _al_score_display_settings       [   0.01384] Score is : 609
display  D d:\Libraries\build\allegro\src\allegro-5.0.x\allegro-5.0.x\src\display_settings.c:486  _al_score_display_settings       [   0.01385] Score is : 598
display  D d:\Libraries\build\allegro\src\allegro-5.0.x\allegro-5.0.x\src\display_settings.c:486  _al_score_display_settings       [   0.01386] Score is : 593
display  D d:\Libraries\build\allegro\src\allegro-5.0.x\allegro-5.0.x\src\display_settings.c:486  _al_score_display_settings       [   0.01386] Score is : 589
display  D d:\Libraries\build\allegro\src\allegro-5.0.x\allegro-5.0.x\src\display_settings.c:486  _al_score_display_settings       [   0.01387] Score is : 587
display  D d:\Libraries\build\allegro\src\allegro-5.0.x\allegro-5.0.x\src\display_settings.c:486  _al_score_display_settings       [   0.01387] Score is : 586
display  D d:\Libraries\build\allegro\src\allegro-5.0.x\allegro-5.0.x\src\display_settings.c:486  _al_score_display_settings       [   0.01388] Score is : 585
display  D d:\Libraries\build\allegro\src\allegro-5.0.x\allegro-5.0.x\src\display_settings.c:486  _al_score_display_settings       [   0.01389] Score is : 641
display  D d:\Libraries\build\allegro\src\allegro-5.0.x\allegro-5.0.x\src\display_settings.c:486  _al_score_display_settings       [   0.01389] Score is : 609
display  D d:\Libraries\build\allegro\src\allegro-5.0.x\allegro-5.0.x\src\display_settings.c:486  _al_score_display_settings       [   0.01390] Score is : 598
display  D d:\Libraries\build\allegro\src\allegro-5.0.x\allegro-5.0.x\src\display_settings.c:486  _al_score_display_settings       [   0.01390] Score is : 593
display  D d:\Libraries\build\allegro\src\allegro-5.0.x\allegro-5.0.x\src\display_settings.c:486  _al_score_display_settings       [   0.01391] Score is : 589
display  D d:\Libraries\build\allegro\src\allegro-5.0.x\allegro-5.0.x\src\display_settings.c:486  _al_score_display_settings       [   0.01392] Score is : 587
display  D d:\Libraries\build\allegro\src\allegro-5.0.x\allegro-5.0.x\src\display_settings.c:486  _al_score_display_settings       [   0.01392] Score is : 586
display  D d:\Libraries\build\allegro\src\allegro-5.0.x\allegro-5.0.x\src\display_settings.c:486  _al_score_display_settings       [   0.01394] Score is : 585
display  D d:\Libraries\build\allegro\src\allegro-5.0.x\allegro-5.0.x\src\display_settings.c:486  _al_score_display_settings       [   0.01395] Score is : 641
display  D d:\Libraries\build\allegro\src\allegro-5.0.x\allegro-5.0.x\src\display_settings.c:486  _al_score_display_settings       [   0.01396] Score is : 609
display  D d:\Libraries\build\allegro\src\allegro-5.0.x\allegro-5.0.x\src\display_settings.c:486  _al_score_display_settings       [   0.01396] Score is : 598
display  D d:\Libraries\build\allegro\src\allegro-5.0.x\allegro-5.0.x\src\display_settings.c:486  _al_score_display_settings       [   0.01397] Score is : 593
display  D d:\Libraries\build\allegro\src\allegro-5.0.x\allegro-5.0.x\src\display_settings.c:486  _al_score_display_settings       [   0.01398] Score is : 589
display  D d:\Libraries\build\allegro\src\allegro-5.0.x\allegro-5.0.x\src\display_settings.c:486  _al_score_display_settings       [   0.01398] Score is : 587
display  D d:\Libraries\build\allegro\src\allegro-5.0.x\allegro-5.0.x\src\display_settings.c:486  _al_score_display_settings       [   0.01399] Score is : 586
display  D d:\Libraries\build\allegro\src\allegro-5.0.x\allegro-5.0.x\src\display_settings.c:486  _al_score_display_settings       [   0.01399] Score is : 585
display  D d:\Libraries\build\allegro\src\allegro-5.0.x\allegro-5.0.x\src\display_settings.c:486  _al_score_display_settings       [   0.01400] Score is : 641
display  D d:\Libraries\build\allegro\src\allegro-5.0.x\allegro-5.0.x\src\display_settings.c:486  _al_score_display_settings       [   0.01401] Score is : 609
display  D d:\Libraries\build\allegro\src\allegro-5.0.x\allegro-5.0.x\src\display_settings.c:486  _al_score_display_settings       [   0.01401] Score is : 598
display  D d:\Libraries\build\allegro\src\allegro-5.0.x\allegro-5.0.x\src\display_settings.c:486  _al_score_display_settings       [   0.01402] Score is : 593
display  D d:\Libraries\build\allegro\src\allegro-5.0.x\allegro-5.0.x\src\display_settings.c:486  _al_score_display_settings       [   0.01402] Score is : 589
display  D d:\Libraries\build\allegro\src\allegro-5.0.x\allegro-5.0.x\src\display_settings.c:486  _al_score_display_settings       [   0.01403] Score is : 587
display  D d:\Libraries\build\allegro\src\allegro-5.0.x\allegro-5.0.x\src\display_settings.c:486  _al_score_display_settings       [   0.01404] Score is : 586
display  D d:\Libraries\build\allegro\src\allegro-5.0.x\allegro-5.0.x\src\display_settings.c:486  _al_score_display_settings       [   0.01404] Score is : 585
display  D d:\Libraries\build\allegro\src\allegro-5.0.x\allegro-5.0.x\src\display_settings.c:486  _al_score_display_settings       [   0.01405] Score is : 641
display  D d:\Libraries\build\allegro\src\allegro-5.0.x\allegro-5.0.x\src\display_settings.c:486  _al_score_display_settings       [   0.01405] Score is : 609
display  D d:\Libraries\build\allegro\src\allegro-5.0.x\allegro-5.0.x\src\display_settings.c:486  _al_score_display_settings       [   0.01406] Score is : 598
display  D d:\Libraries\build\allegro\src\allegro-5.0.x\allegro-5.0.x\src\display_settings.c:486  _al_score_display_settings       [   0.01407] Score is : 593
display  D d:\Libraries\build\allegro\src\allegro-5.0.x\allegro-5.0.x\src\display_settings.c:486  _al_score_display_settings       [   0.01407] Score is : 589
display  D d:\Libraries\build\allegro\src\allegro-5.0.x\allegro-5.0.x\src\display_settings.c:486  _al_score_display_settings       [   0.01408] Score is : 587
display  D d:\Libraries\build\allegro\src\allegro-5.0.x\allegro-5.0.x\src\display_settings.c:486  _al_score_display_settings       [   0.01408] Score is : 586
display  D d:\Libraries\build\allegro\src\allegro-5.0.x\allegro-5.0.x\src\display_settings.c:486  _al_score_display_settings       [   0.01409] Score is : 585
display  D d:\Libraries\build\allegro\src\allegro-5.0.x\allegro-5.0.x\src\display_settings.c:357  _al_score_display_settings       [   0.01410] Single Buffer requirement not met.
display  D d:\Libraries\build\allegro\src\allegro-5.0.x\allegro-5.0.x\src\display_settings.c:357  _al_score_display_settings       [   0.01410] Single Buffer requirement not met.
display  D d:\Libraries\build\allegro\src\allegro-5.0.x\allegro-5.0.x\src\display_settings.c:357  _al_score_display_settings       [   0.01411] Single Buffer requirement not met.
display  D d:\Libraries\build\allegro\src\allegro-5.0.x\allegro-5.0.x\src\display_settings.c:357  _al_score_display_settings       [   0.01412] Single Buffer requirement not met.
display  D d:\Libraries\build\allegro\src\allegro-5.0.x\allegro-5.0.x\src\display_settings.c:357  _al_score_display_settings       [   0.01412] Single Buffer requirement not met.
display  D d:\Libraries\build\allegro\src\allegro-5.0.x\allegro-5.0.x\src\display_settings.c:357  _al_score_display_settings       [   0.01413] Single Buffer requirement not met.
display  D d:\Libraries\build\allegro\src\allegro-5.0.x\allegro-5.0.x\src\display_settings.c:357  _al_score_display_settings       [   0.01414] Single Buffer requirement not met.
display  D d:\Libraries\build\allegro\src\allegro-5.0.x\allegro-5.0.x\src\display_settings.c:357  _al_score_display_settings       [   0.01414] Single Buffer requirement not met.
display  D d:\Libraries\build\allegro\src\allegro-5.0.x\allegro-5.0.x\src\display_settings.c:357  _al_score_display_settings       [   0.01415] Single Buffer requirement not met.
display  D d:\Libraries\build\allegro\src\allegro-5.0.x\allegro-5.0.x\src\display_settings.c:357  _al_score_display_settings       [   0.01415] Single Buffer requirement not met.
display  D d:\Libraries\build\allegro\src\allegro-5.0.x\allegro-5.0.x\src\display_settings.c:357  _al_score_display_settings       [   0.01416] Single Buffer requirement not met.
display  D d:\Libraries\build\allegro\src\allegro-5.0.x\allegro-5.0.x\src\display_settings.c:357  _al_score_display_settings       [   0.01417] Single Buffer requirement not met.
display  D d:\Libraries\build\allegro\src\allegro-5.0.x\allegro-5.0.x\src\display_settings.c:357  _al_score_display_settings       [   0.01417] Single Buffer requirement not met.
display  D d:\Libraries\build\allegro\src\allegro-5.0.x\allegro-5.0.x\src\display_settings.c:357  _al_score_display_settings       [   0.01418] Single Buffer requirement not met.
display  D d:\Libraries\build\allegro\src\allegro-5.0.x\allegro-5.0.x\src\display_settings.c:357  _al_score_display_settings       [   0.01418] Single Buffer requirement not met.
display  D d:\Libraries\build\allegro\src\allegro-5.0.x\allegro-5.0.x\src\display_settings.c:357  _al_score_display_settings       [   0.01419] Single Buffer requirement not met.
display  D d:\Libraries\build\allegro\src\allegro-5.0.x\allegro-5.0.x\src\display_settings.c:357  _al_score_display_settings       [   0.01420] Single Buffer requirement not met.
display  D d:\Libraries\build\allegro\src\allegro-5.0.x\allegro-5.0.x\src\display_settings.c:357  _al_score_display_settings       [   0.01420] Single Buffer requirement not met.
display  D d:\Libraries\build\allegro\src\allegro-5.0.x\allegro-5.0.x\src\display_settings.c:357  _al_score_display_settings       [   0.01421] Single Buffer requirement not met.
display  D d:\Libraries\build\allegro\src\allegro-5.0.x\allegro-5.0.x\src\display_settings.c:357  _al_score_display_settings       [   0.01421] Single Buffer requirement not met.
display  D d:\Libraries\build\allegro\src\allegro-5.0.x\allegro-5.0.x\src\display_settings.c:357  _al_score_display_settings       [   0.01422] Single Buffer requirement not met.
display  D d:\Libraries\build\allegro\src\allegro-5.0.x\allegro-5.0.x\src\display_settings.c:357  _al_score_display_settings       [   0.01423] Single Buffer requirement not met.
display  D d:\Libraries\build\allegro\src\allegro-5.0.x\allegro-5.0.x\src\display_settings.c:357  _al_score_display_settings       [   0.01423] Single Buffer requirement not met.
display  D d:\Libraries\build\allegro\src\allegro-5.0.x\allegro-5.0.x\src\display_settings.c:357  _al_score_display_settings       [   0.01424] Single Buffer requirement not met.
display  D d:\Libraries\build\allegro\src\allegro-5.0.x\allegro-5.0.x\src\display_settings.c:357  _al_score_display_settings       [   0.01425] Single Buffer requirement not met.
display  D d:\Libraries\build\allegro\src\allegro-5.0.x\allegro-5.0.x\src\display_settings.c:357  _al_score_display_settings       [   0.01425] Single Buffer requirement not met.
display  D d:\Libraries\build\allegro\src\allegro-5.0.x\allegro-5.0.x\src\display_settings.c:357  _al_score_display_settings       [   0.01426] Single Buffer requirement not met.
display  D d:\Libraries\build\allegro\src\allegro-5.0.x\allegro-5.0.x\src\display_settings.c:357  _al_score_display_settings       [   0.01426] Single Buffer requirement not met.
display  D d:\Libraries\build\allegro\src\allegro-5.0.x\allegro-5.0.x\src\display_settings.c:357  _al_score_display_settings       [   0.01427] Single Buffer requirement not met.
display  D d:\Libraries\build\allegro\src\allegro-5.0.x\allegro-5.0.x\src\display_settings.c:357  _al_score_display_settings       [   0.01428] Single Buffer requirement not met.
display  D d:\Libraries\build\allegro\src\allegro-5.0.x\allegro-5.0.x\src\display_settings.c:357  _al_score_display_settings       [   0.01428] Single Buffer requirement not met.
display  D d:\Libraries\build\allegro\src\allegro-5.0.x\allegro-5.0.x\src\display_settings.c:357  _al_score_display_settings       [   0.01429] Single Buffer requirement not met.
display  D d:\Libraries\build\allegro\src\allegro-5.0.x\allegro-5.0.x\src\display_settings.c:357  _al_score_display_settings       [   0.01430] Single Buffer requirement not met.
display  D d:\Libraries\build\allegro\src\allegro-5.0.x\allegro-5.0.x\src\display_settings.c:357  _al_score_display_settings       [   0.01430] Single Buffer requirement not met.
display  D d:\Libraries\build\allegro\src\allegro-5.0.x\allegro-5.0.x\src\display_settings.c:357  _al_score_display_settings       [   0.01431] Single Buffer requirement not met.
display  D d:\Libraries\build\allegro\src\allegro-5.0.x\allegro-5.0.x\src\display_settings.c:357  _al_score_display_settings       [   0.01431] Single Buffer requirement not met.
display  D d:\Libraries\build\allegro\src\allegro-5.0.x\allegro-5.0.x\src\display_settings.c:357  _al_score_display_settings       [   0.01432] Single Buffer requirement not met.
display  D d:\Libraries\build\allegro\src\allegro-5.0.x\allegro-5.0.x\src\display_settings.c:357  _al_score_display_settings       [   0.01433] Single Buffer requirement not met.
display  D d:\Libraries\build\allegro\src\allegro-5.0.x\allegro-5.0.x\src\display_settings.c:357  _al_score_display_settings       [   0.01433] Single Buffer requirement not met.
display  D d:\Libraries\build\allegro\src\allegro-5.0.x\allegro-5.0.x\src\display_settings.c:357  _al_score_display_settings       [   0.01434] Single Buffer requirement not met.
display  D d:\Libraries\build\allegro\src\allegro-5.0.x\allegro-5.0.x\src\display_settings.c:357  _al_score_display_settings       [   0.01434] Single Buffer requirement not met.
display  D d:\Libraries\build\allegro\src\allegro-5.0.x\allegro-5.0.x\src\display_settings.c:357  _al_score_display_settings       [   0.01435] Single Buffer requirement not met.
display  D d:\Libraries\build\allegro\src\allegro-5.0.x\allegro-5.0.x\src\display_settings.c:357  _al_score_display_settings       [   0.01436] Single Buffer requirement not met.
display  D d:\Libraries\build\allegro\src\allegro-5.0.x\allegro-5.0.x\src\display_settings.c:357  _al_score_display_settings       [   0.01436] Single Buffer requirement not met.
display  D d:\Libraries\build\allegro\src\allegro-5.0.x\allegro-5.0.x\src\display_settings.c:357  _al_score_display_settings       [   0.01437] Single Buffer requirement not met.
display  D d:\Libraries\build\allegro\src\allegro-5.0.x\allegro-5.0.x\src\display_settings.c:486  _al_score_display_settings       [   0.01438] Score is : 897
display  D d:\Libraries\build\allegro\src\allegro-5.0.x\allegro-5.0.x\src\display_settings.c:486  _al_score_display_settings       [   0.01438] Score is : 897
display  D d:\Libraries\build\allegro\src\allegro-5.0.x\allegro-5.0.x\src\display_settings.c:486  _al_score_display_settings       [   0.01439] Score is : 897
display  D d:\Libraries\build\allegro\src\allegro-5.0.x\allegro-5.0.x\src\display_settings.c:486  _al_score_display_settings       [   0.01439] Score is : 897
display  D d:\Libraries\build\allegro\src\allegro-5.0.x\allegro-5.0.x\src\display_settings.c:486  _al_score_display_settings       [   0.01440] Score is : 897
display  D d:\Libraries\build\allegro\src\allegro-5.0.x\allegro-5.0.x\src\display_settings.c:486  _al_score_display_settings       [   0.01441] Score is : 897
display  D d:\Libraries\build\allegro\src\allegro-5.0.x\allegro-5.0.x\src\display_settings.c:486  _al_score_display_settings       [   0.01441] Score is : 897
display  D d:\Libraries\build\allegro\src\allegro-5.0.x\allegro-5.0.x\src\display_settings.c:486  _al_score_display_settings       [   0.01442] Score is : 769
display  D d:\Libraries\build\allegro\src\allegro-5.0.x\allegro-5.0.x\src\display_settings.c:486  _al_score_display_settings       [   0.01443] Score is : 737
display  D d:\Libraries\build\allegro\src\allegro-5.0.x\allegro-5.0.x\src\display_settings.c:486  _al_score_display_settings       [   0.01443] Score is : 726
display  D d:\Libraries\build\allegro\src\allegro-5.0.x\allegro-5.0.x\src\display_settings.c:486  _al_score_display_settings       [   0.01444] Score is : 721
display  D d:\Libraries\build\allegro\src\allegro-5.0.x\allegro-5.0.x\src\display_settings.c:486  _al_score_display_settings       [   0.01444] Score is : 717
display  D d:\Libraries\build\allegro\src\allegro-5.0.x\allegro-5.0.x\src\display_settings.c:486  _al_score_display_settings       [   0.01445] Score is : 715
display  D d:\Libraries\build\allegro\src\allegro-5.0.x\allegro-5.0.x\src\display_settings.c:486  _al_score_display_settings       [   0.01445] Score is : 714
display  D d:\Libraries\build\allegro\src\allegro-5.0.x\allegro-5.0.x\src\display_settings.c:486  _al_score_display_settings       [   0.01446] Score is : 713
display  D d:\Libraries\build\allegro\src\allegro-5.0.x\allegro-5.0.x\src\display_settings.c:486  _al_score_display_settings       [   0.01447] Score is : 769
display  D d:\Libraries\build\allegro\src\allegro-5.0.x\allegro-5.0.x\src\display_settings.c:486  _al_score_display_settings       [   0.01447] Score is : 737
display  D d:\Libraries\build\allegro\src\allegro-5.0.x\allegro-5.0.x\src\display_settings.c:486  _al_score_display_settings       [   0.01448] Score is : 726
display  D d:\Libraries\build\allegro\src\allegro-5.0.x\allegro-5.0.x\src\display_settings.c:486  _al_score_display_settings       [   0.01449] Score is : 721
display  D d:\Libraries\build\allegro\src\allegro-5.0.x\allegro-5.0.x\src\display_settings.c:486  _al_score_display_settings       [   0.01449] Score is : 717
display  D d:\Libraries\build\allegro\src\allegro-5.0.x\allegro-5.0.x\src\display_settings.c:486  _al_score_display_settings       [   0.01450] Score is : 715
display  D d:\Libraries\build\allegro\src\allegro-5.0.x\allegro-5.0.x\src\display_settings.c:486  _al_score_display_settings       [   0.01450] Score is : 714
display  D d:\Libraries\build\allegro\src\allegro-5.0.x\allegro-5.0.x\src\display_settings.c:486  _al_score_display_settings       [   0.01451] Score is : 713
display  D d:\Libraries\build\allegro\src\allegro-5.0.x\allegro-5.0.x\src\display_settings.c:486  _al_score_display_settings       [   0.01452] Score is : 769
display  D d:\Libraries\build\allegro\src\allegro-5.0.x\allegro-5.0.x\src\display_settings.c:486  _al_score_display_settings       [   0.01452] Score is : 737
display  D d:\Libraries\build\allegro\src\allegro-5.0.x\allegro-5.0.x\src\display_settings.c:486  _al_score_display_settings       [   0.01453] Score is : 726
display  D d:\Libraries\build\allegro\src\allegro-5.0.x\allegro-5.0.x\src\display_settings.c:486  _al_score_display_settings       [   0.01453] Score is : 721
display  D d:\Libraries\build\allegro\src\allegro-5.0.x\allegro-5.0.x\src\display_settings.c:486  _al_score_display_settings       [   0.01456] Score is : 717
display  D d:\Libraries\build\allegro\src\allegro-5.0.x\allegro-5.0.x\src\display_settings.c:486  _al_score_display_settings       [   0.01456] Score is : 715
display  D d:\Libraries\build\allegro\src\allegro-5.0.x\allegro-5.0.x\src\display_settings.c:486  _al_score_display_settings       [   0.01457] Score is : 714
display  D d:\Libraries\build\allegro\src\allegro-5.0.x\allegro-5.0.x\src\display_settings.c:486  _al_score_display_settings       [   0.01458] Score is : 713
display  D d:\Libraries\build\allegro\src\allegro-5.0.x\allegro-5.0.x\src\display_settings.c:486  _al_score_display_settings       [   0.01458] Score is : 769
display  D d:\Libraries\build\allegro\src\allegro-5.0.x\allegro-5.0.x\src\display_settings.c:486  _al_score_display_settings       [   0.01459] Score is : 737
display  D d:\Libraries\build\allegro\src\allegro-5.0.x\allegro-5.0.x\src\display_settings.c:486  _al_score_display_settings       [   0.01459] Score is : 726
display  D d:\Libraries\build\allegro\src\allegro-5.0.x\allegro-5.0.x\src\display_settings.c:486  _al_score_display_settings       [   0.01460] Score is : 721
display  D d:\Libraries\build\allegro\src\allegro-5.0.x\allegro-5.0.x\src\display_settings.c:486  _al_score_display_settings       [   0.01461] Score is : 717
display  D d:\Libraries\build\allegro\src\allegro-5.0.x\allegro-5.0.x\src\display_settings.c:486  _al_score_display_settings       [   0.01461] Score is : 715
display  D d:\Libraries\build\allegro\src\allegro-5.0.x\allegro-5.0.x\src\display_settings.c:486  _al_score_display_settings       [   0.01462] Score is : 714
display  D d:\Libraries\build\allegro\src\allegro-5.0.x\allegro-5.0.x\src\display_settings.c:486  _al_score_display_settings       [   0.01462] Score is : 713
display  D d:\Libraries\build\allegro\src\allegro-5.0.x\allegro-5.0.x\src\display_settings.c:486  _al_score_display_settings       [   0.01463] Score is : 769
display  D d:\Libraries\build\allegro\src\allegro-5.0.x\allegro-5.0.x\src\display_settings.c:486  _al_score_display_settings       [   0.01464] Score is : 737
display  D d:\Libraries\build\allegro\src\allegro-5.0.x\allegro-5.0.x\src\display_settings.c:486  _al_score_display_settings       [   0.01464] Score is : 726
display  D d:\Libraries\build\allegro\src\allegro-5.0.x\allegro-5.0.x\src\display_settings.c:486  _al_score_display_settings       [   0.01465] Score is : 721
display  D d:\Libraries\build\allegro\src\allegro-5.0.x\allegro-5.0.x\src\display_settings.c:486  _al_score_display_settings       [   0.01465] Score is : 717
display  D d:\Libraries\build\allegro\src\allegro-5.0.x\allegro-5.0.x\src\display_settings.c:486  _al_score_display_settings       [   0.01466] Score is : 715
display  D d:\Libraries\build\allegro\src\allegro-5.0.x\allegro-5.0.x\src\display_settings.c:486  _al_score_display_settings       [   0.01467] Score is : 714
display  D d:\Libraries\build\allegro\src\allegro-5.0.x\allegro-5.0.x\src\display_settings.c:486  _al_score_display_settings       [   0.01467] Score is : 713
display  D d:\Libraries\build\allegro\src\allegro-5.0.x\allegro-5.0.x\src\display_settings.c:486  _al_score_display_settings       [   0.01468] Score is : 769
display  D d:\Libraries\build\allegro\src\allegro-5.0.x\allegro-5.0.x\src\display_settings.c:486  _al_score_display_settings       [   0.01468] Score is : 737
display  D d:\Libraries\build\allegro\src\allegro-5.0.x\allegro-5.0.x\src\display_settings.c:486  _al_score_display_settings       [   0.01469] Score is : 726
display  D d:\Libraries\build\allegro\src\allegro-5.0.x\allegro-5.0.x\src\display_settings.c:486  _al_score_display_settings       [   0.01470] Score is : 721
display  D d:\Libraries\build\allegro\src\allegro-5.0.x\allegro-5.0.x\src\display_settings.c:486  _al_score_display_settings       [   0.01470] Score is : 717
display  D d:\Libraries\build\allegro\src\allegro-5.0.x\allegro-5.0.x\src\display_settings.c:486  _al_score_display_settings       [   0.01471] Score is : 715
display  D d:\Libraries\build\allegro\src\allegro-5.0.x\allegro-5.0.x\src\display_settings.c:486  _al_score_display_settings       [   0.01472] Score is : 714
display  D d:\Libraries\build\allegro\src\allegro-5.0.x\allegro-5.0.x\src\display_settings.c:486  _al_score_display_settings       [   0.01472] Score is : 713
display  D d:\Libraries\build\allegro\src\allegro-5.0.x\allegro-5.0.x\src\display_settings.c:486  _al_score_display_settings       [   0.01473] Score is : 769
display  D d:\Libraries\build\allegro\src\allegro-5.0.x\allegro-5.0.x\src\display_settings.c:486  _al_score_display_settings       [   0.01473] Score is : 737
display  D d:\Libraries\build\allegro\src\allegro-5.0.x\allegro-5.0.x\src\display_settings.c:486  _al_score_display_settings       [   0.01474] Score is : 726
display  D d:\Libraries\build\allegro\src\allegro-5.0.x\allegro-5.0.x\src\display_settings.c:486  _al_score_display_settings       [   0.01475] Score is : 721
display  D d:\Libraries\build\allegro\src\allegro-5.0.x\allegro-5.0.x\src\display_settings.c:486  _al_score_display_settings       [   0.01475] Score is : 717
display  D d:\Libraries\build\allegro\src\allegro-5.0.x\allegro-5.0.x\src\display_settings.c:486  _al_score_display_settings       [   0.01476] Score is : 715
display  D d:\Libraries\build\allegro\src\allegro-5.0.x\allegro-5.0.x\src\display_settings.c:486  _al_score_display_settings       [   0.01476] Score is : 714
display  D d:\Libraries\build\allegro\src\allegro-5.0.x\allegro-5.0.x\src\display_settings.c:486  _al_score_display_settings       [   0.01477] Score is : 713
display  D d:\Libraries\build\allegro\src\allegro-5.0.x\allegro-5.0.x\src\display_settings.c:357  _al_score_display_settings       [   0.01478] Single Buffer requirement not met.
display  D d:\Libraries\build\allegro\src\allegro-5.0.x\allegro-5.0.x\src\display_settings.c:357  _al_score_display_settings       [   0.01478] Single Buffer requirement not met.
display  D d:\Libraries\build\allegro\src\allegro-5.0.x\allegro-5.0.x\src\display_settings.c:357  _al_score_display_settings       [   0.01479] Single Buffer requirement not met.
display  D d:\Libraries\build\allegro\src\allegro-5.0.x\allegro-5.0.x\src\display_settings.c:357  _al_score_display_settings       [   0.01479] Single Buffer requirement not met.
display  D d:\Libraries\build\allegro\src\allegro-5.0.x\allegro-5.0.x\src\display_settings.c:357  _al_score_display_settings       [   0.01480] Single Buffer requirement not met.
display  D d:\Libraries\build\allegro\src\allegro-5.0.x\allegro-5.0.x\src\display_settings.c:357  _al_score_display_settings       [   0.01481] Single Buffer requirement not met.
display  D d:\Libraries\build\allegro\src\allegro-5.0.x\allegro-5.0.x\src\display_settings.c:357  _al_score_display_settings       [   0.01481] Single Buffer requirement not met.
display  D d:\Libraries\build\allegro\src\allegro-5.0.x\allegro-5.0.x\src\display_settings.c:357  _al_score_display_settings       [   0.01482] Single Buffer requirement not met.
display  D d:\Libraries\build\allegro\src\allegro-5.0.x\allegro-5.0.x\src\display_settings.c:357  _al_score_display_settings       [   0.01483] Single Buffer requirement not met.
display  D d:\Libraries\build\allegro\src\allegro-5.0.x\allegro-5.0.x\src\display_settings.c:357  _al_score_display_settings       [   0.01483] Single Buffer requirement not met.
display  D d:\Libraries\build\allegro\src\allegro-5.0.x\allegro-5.0.x\src\display_settings.c:357  _al_score_display_settings       [   0.01484] Single Buffer requirement not met.
display  D d:\Libraries\build\allegro\src\allegro-5.0.x\allegro-5.0.x\src\display_settings.c:357  _al_score_display_settings       [   0.01485] Single Buffer requirement not met.
display  D d:\Libraries\build\allegro\src\allegro-5.0.x\allegro-5.0.x\src\display_settings.c:357  _al_score_display_settings       [   0.01485] Single Buffer requirement not met.
display  D d:\Libraries\build\allegro\src\allegro-5.0.x\allegro-5.0.x\src\display_settings.c:357  _al_score_display_settings       [   0.01486] Single Buffer requirement not met.
display  D d:\Libraries\build\allegro\src\allegro-5.0.x\allegro-5.0.x\src\display_settings.c:357  _al_score_display_settings       [   0.01487] Single Buffer requirement not met.
display  D d:\Libraries\build\allegro\src\allegro-5.0.x\allegro-5.0.x\src\display_settings.c:357  _al_score_display_settings       [   0.01487] Single Buffer requirement not met.
display  D d:\Libraries\build\allegro\src\allegro-5.0.x\allegro-5.0.x\src\display_settings.c:357  _al_score_display_settings       [   0.01488] Single Buffer requirement not met.
display  D d:\Libraries\build\allegro\src\allegro-5.0.x\allegro-5.0.x\src\display_settings.c:357  _al_score_display_settings       [   0.01489] Single Buffer requirement not met.
display  D d:\Libraries\build\allegro\src\allegro-5.0.x\allegro-5.0.x\src\display_settings.c:357  _al_score_display_settings       [   0.01489] Single Buffer requirement not met.
display  D d:\Libraries\build\allegro\src\allegro-5.0.x\allegro-5.0.x\src\display_settings.c:357  _al_score_display_settings       [   0.01490] Single Buffer requirement not met.
display  D d:\Libraries\build\allegro\src\allegro-5.0.x\allegro-5.0.x\src\display_settings.c:357  _al_score_display_settings       [   0.01490] Single Buffer requirement not met.
display  D d:\Libraries\build\allegro\src\allegro-5.0.x\allegro-5.0.x\src\display_settings.c:357  _al_score_display_settings       [   0.01491] Single Buffer requirement not met.
display  D d:\Libraries\build\allegro\src\allegro-5.0.x\allegro-5.0.x\src\display_settings.c:357  _al_score_display_settings       [   0.01492] Single Buffer requirement not met.
display  D d:\Libraries\build\allegro\src\allegro-5.0.x\allegro-5.0.x\src\display_settings.c:357  _al_score_display_settings       [   0.01492] Single Buffer requirement not met.
display  D d:\Libraries\build\allegro\src\allegro-5.0.x\allegro-5.0.x\src\display_settings.c:357  _al_score_display_settings       [   0.01493] Single Buffer requirement not met.
display  D d:\Libraries\build\allegro\src\allegro-5.0.x\allegro-5.0.x\src\display_settings.c:357  _al_score_display_settings       [   0.01493] Single Buffer requirement not met.
display  D d:\Libraries\build\allegro\src\allegro-5.0.x\allegro-5.0.x\src\display_settings.c:357  _al_score_display_settings       [   0.01494] Single Buffer requirement not met.
display  D d:\Libraries\build\allegro\src\allegro-5.0.x\allegro-5.0.x\src\display_settings.c:357  _al_score_display_settings       [   0.01495] Single Buffer requirement not met.
display  D d:\Libraries\build\allegro\src\allegro-5.0.x\allegro-5.0.x\src\display_settings.c:357  _al_score_display_settings       [   0.01495] Single Buffer requirement not met.
display  D d:\Libraries\build\allegro\src\allegro-5.0.x\allegro-5.0.x\src\display_settings.c:357  _al_score_display_settings       [   0.01496] Single Buffer requirement not met.
display  D d:\Libraries\build\allegro\src\allegro-5.0.x\allegro-5.0.x\src\display_settings.c:357  _al_score_display_settings       [   0.01497] Single Buffer requirement not met.
display  D d:\Libraries\build\allegro\src\allegro-5.0.x\allegro-5.0.x\src\display_settings.c:357  _al_score_display_settings       [   0.01497] Single Buffer requirement not met.
display  D d:\Libraries\build\allegro\src\allegro-5.0.x\allegro-5.0.x\src\display_settings.c:357  _al_score_display_settings       [   0.01498] Single Buffer requirement not met.
display  D d:\Libraries\build\allegro\src\allegro-5.0.x\allegro-5.0.x\src\display_settings.c:357  _al_score_display_settings       [   0.01498] Single Buffer requirement not met.
display  D d:\Libraries\build\allegro\src\allegro-5.0.x\allegro-5.0.x\src\display_settings.c:357  _al_score_display_settings       [   0.01499] Single Buffer requirement not met.
display  D d:\Libraries\build\allegro\src\allegro-5.0.x\allegro-5.0.x\src\display_settings.c:357  _al_score_display_settings       [   0.01500] Single Buffer requirement not met.
display  D d:\Libraries\build\allegro\src\allegro-5.0.x\allegro-5.0.x\src\display_settings.c:357  _al_score_display_settings       [   0.01500] Single Buffer requirement not met.
display  D d:\Libraries\build\allegro\src\allegro-5.0.x\allegro-5.0.x\src\display_settings.c:357  _al_score_display_settings       [   0.01501] Single Buffer requirement not met.
display  D d:\Libraries\build\allegro\src\allegro-5.0.x\allegro-5.0.x\src\display_settings.c:357  _al_score_display_settings       [   0.01502] Single Buffer requirement not met.
display  D d:\Libraries\build\allegro\src\allegro-5.0.x\allegro-5.0.x\src\display_settings.c:357  _al_score_display_settings       [   0.01502] Single Buffer requirement not met.
display  D d:\Libraries\build\allegro\src\allegro-5.0.x\allegro-5.0.x\src\display_settings.c:357  _al_score_display_settings       [   0.01503] Single Buffer requirement not met.
display  D d:\Libraries\build\allegro\src\allegro-5.0.x\allegro-5.0.x\src\display_settings.c:357  _al_score_display_settings       [   0.01504] Single Buffer requirement not met.
display  D d:\Libraries\build\allegro\src\allegro-5.0.x\allegro-5.0.x\src\display_settings.c:357  _al_score_display_settings       [   0.01504] Single Buffer requirement not met.
display  D d:\Libraries\build\allegro\src\allegro-5.0.x\allegro-5.0.x\src\display_settings.c:357  _al_score_display_settings       [   0.01505] Single Buffer requirement not met.
display  D d:\Libraries\build\allegro\src\allegro-5.0.x\allegro-5.0.x\src\display_settings.c:357  _al_score_display_settings       [   0.01505] Single Buffer requirement not met.
display  D d:\Libraries\build\allegro\src\allegro-5.0.x\allegro-5.0.x\src\display_settings.c:357  _al_score_display_settings       [   0.01506] Single Buffer requirement not met.
display  D d:\Libraries\build\allegro\src\allegro-5.0.x\allegro-5.0.x\src\display_settings.c:357  _al_score_display_settings       [   0.01507] Single Buffer requirement not met.
display  D d:\Libraries\build\allegro\src\allegro-5.0.x\allegro-5.0.x\src\display_settings.c:357  _al_score_display_settings       [   0.01507] Single Buffer requirement not met.
display  D d:\Libraries\build\allegro\src\allegro-5.0.x\allegro-5.0.x\src\display_settings.c:357  _al_score_display_settings       [   0.01508] Single Buffer requirement not met.
display  D d:\Libraries\build\allegro\src\allegro-5.0.x\allegro-5.0.x\src\display_settings.c:357  _al_score_display_settings       [   0.01508] Single Buffer requirement not met.
display  D d:\Libraries\build\allegro\src\allegro-5.0.x\allegro-5.0.x\src\display_settings.c:357  _al_score_display_settings       [   0.01509] Single Buffer requirement not met.
display  D d:\Libraries\build\allegro\src\allegro-5.0.x\allegro-5.0.x\src\display_settings.c:357  _al_score_display_settings       [   0.01510] Single Buffer requirement not met.
display  D d:\Libraries\build\allegro\src\allegro-5.0.x\allegro-5.0.x\src\display_settings.c:357  _al_score_display_settings       [   0.01510] Single Buffer requirement not met.
display  D d:\Libraries\build\allegro\src\allegro-5.0.x\allegro-5.0.x\src\display_settings.c:357  _al_score_display_settings       [   0.01511] Single Buffer requirement not met.
display  D d:\Libraries\build\allegro\src\allegro-5.0.x\allegro-5.0.x\src\display_settings.c:357  _al_score_display_settings       [   0.01511] Single Buffer requirement not met.
display  D d:\Libraries\build\allegro\src\allegro-5.0.x\allegro-5.0.x\src\display_settings.c:357  _al_score_display_settings       [   0.01512] Single Buffer requirement not met.
display  D d:\Libraries\build\allegro\src\allegro-5.0.x\allegro-5.0.x\src\display_settings.c:357  _al_score_display_settings       [   0.01513] Single Buffer requirement not met.
display  D d:\Libraries\build\allegro\src\allegro-5.0.x\allegro-5.0.x\src\display_settings.c:357  _al_score_display_settings       [   0.01513] Single Buffer requirement not met.
display  D d:\Libraries\build\allegro\src\allegro-5.0.x\allegro-5.0.x\src\display_settings.c:357  _al_score_display_settings       [   0.01514] Single Buffer requirement not met.
display  D d:\Libraries\build\allegro\src\allegro-5.0.x\allegro-5.0.x\src\display_settings.c:357  _al_score_display_settings       [   0.01515] Single Buffer requirement not met.
display  D d:\Libraries\build\allegro\src\allegro-5.0.x\allegro-5.0.x\src\display_settings.c:357  _al_score_display_settings       [   0.01516] Single Buffer requirement not met.
display  D d:\Libraries\build\allegro\src\allegro-5.0.x\allegro-5.0.x\src\display_settings.c:357  _al_score_display_settings       [   0.01516] Single Buffer requirement not met.
display  D d:\Libraries\build\allegro\src\allegro-5.0.x\allegro-5.0.x\src\display_settings.c:357  _al_score_display_settings       [   0.01517] Single Buffer requirement not met.
display  D d:\Libraries\build\allegro\src\allegro-5.0.x\allegro-5.0.x\src\display_settings.c:486  _al_score_display_settings       [   0.01518] Score is : 769
display  D d:\Libraries\build\allegro\src\allegro-5.0.x\allegro-5.0.x\src\display_settings.c:486  _al_score_display_settings       [   0.01518] Score is : 769
display  D d:\Libraries\build\allegro\src\allegro-5.0.x\allegro-5.0.x\src\display_settings.c:486  _al_score_display_settings       [   0.01519] Score is : 769
display  D d:\Libraries\build\allegro\src\allegro-5.0.x\allegro-5.0.x\src\display_settings.c:486  _al_score_display_settings       [   0.01520] Score is : 769
display  D d:\Libraries\build\allegro\src\allegro-5.0.x\allegro-5.0.x\src\display_settings.c:486  _al_score_display_settings       [   0.01520] Score is : 769
display  D d:\Libraries\build\allegro\src\allegro-5.0.x\allegro-5.0.x\src\display_settings.c:486  _al_score_display_settings       [   0.01521] Score is : 769
display  D d:\Libraries\build\allegro\src\allegro-5.0.x\allegro-5.0.x\src\display_settings.c:486  _al_score_display_settings       [   0.01521] Score is : 769
display  D d:\Libraries\build\allegro\src\allegro-5.0.x\allegro-5.0.x\src\display_settings.c:486  _al_score_display_settings       [   0.01522] Score is : 641
display  D d:\Libraries\build\allegro\src\allegro-5.0.x\allegro-5.0.x\src\display_settings.c:486  _al_score_display_settings       [   0.01523] Score is : 609
display  D d:\Libraries\build\allegro\src\allegro-5.0.x\allegro-5.0.x\src\display_settings.c:486  _al_score_display_settings       [   0.01523] Score is : 598
display  D d:\Libraries\build\allegro\src\allegro-5.0.x\allegro-5.0.x\src\display_settings.c:486  _al_score_display_settings       [   0.01524] Score is : 593
display  D d:\Libraries\build\allegro\src\allegro-5.0.x\allegro-5.0.x\src\display_settings.c:486  _al_score_display_settings       [   0.01524] Score is : 589
display  D d:\Libraries\build\allegro\src\allegro-5.0.x\allegro-5.0.x\src\display_settings.c:486  _al_score_display_settings       [   0.01525] Score is : 587
display  D d:\Libraries\build\allegro\src\allegro-5.0.x\allegro-5.0.x\src\display_settings.c:486  _al_score_display_settings       [   0.01526] Score is : 586
display  D d:\Libraries\build\allegro\src\allegro-5.0.x\allegro-5.0.x\src\display_settings.c:486  _al_score_display_settings       [   0.01526] Score is : 585
display  D d:\Libraries\build\allegro\src\allegro-5.0.x\allegro-5.0.x\src\display_settings.c:486  _al_score_display_settings       [   0.01527] Score is : 641
display  D d:\Libraries\build\allegro\src\allegro-5.0.x\allegro-5.0.x\src\display_settings.c:486  _al_score_display_settings       [   0.01527] Score is : 609
display  D d:\Libraries\build\allegro\src\allegro-5.0.x\allegro-5.0.x\src\display_settings.c:486  _al_score_display_settings       [   0.01528] Score is : 598
display  D d:\Libraries\build\allegro\src\allegro-5.0.x\allegro-5.0.x\src\display_settings.c:486  _al_score_display_settings       [   0.01529] Score is : 593
display  D d:\Libraries\build\allegro\src\allegro-5.0.x\allegro-5.0.x\src\display_settings.c:486  _al_score_display_settings       [   0.01529] Score is : 589
display  D d:\Libraries\build\allegro\src\allegro-5.0.x\allegro-5.0.x\src\display_settings.c:486  _al_score_display_settings       [   0.01530] Score is : 587
display  D d:\Libraries\build\allegro\src\allegro-5.0.x\allegro-5.0.x\src\display_settings.c:486  _al_score_display_settings       [   0.01530] Score is : 586
display  D d:\Libraries\build\allegro\src\allegro-5.0.x\allegro-5.0.x\src\display_settings.c:486  _al_score_display_settings       [   0.01531] Score is : 585
display  D d:\Libraries\build\allegro\src\allegro-5.0.x\allegro-5.0.x\src\display_settings.c:486  _al_score_display_settings       [   0.01532] Score is : 641
display  D d:\Libraries\build\allegro\src\allegro-5.0.x\allegro-5.0.x\src\display_settings.c:486  _al_score_display_settings       [   0.01532] Score is : 609
display  D d:\Libraries\build\allegro\src\allegro-5.0.x\allegro-5.0.x\src\display_settings.c:486  _al_score_display_settings       [   0.01533] Score is : 598
display  D d:\Libraries\build\allegro\src\allegro-5.0.x\allegro-5.0.x\src\display_settings.c:486  _al_score_display_settings       [   0.01534] Score is : 593
display  D d:\Libraries\build\allegro\src\allegro-5.0.x\allegro-5.0.x\src\display_settings.c:486  _al_score_display_settings       [   0.01534] Score is : 589
display  D d:\Libraries\build\allegro\src\allegro-5.0.x\allegro-5.0.x\src\display_settings.c:486  _al_score_display_settings       [   0.01535] Score is : 587
display  D d:\Libraries\build\allegro\src\allegro-5.0.x\allegro-5.0.x\src\display_settings.c:486  _al_score_display_settings       [   0.01535] Score is : 586
display  D d:\Libraries\build\allegro\src\allegro-5.0.x\allegro-5.0.x\src\display_settings.c:486  _al_score_display_settings       [   0.01536] Score is : 585
display  D d:\Libraries\build\allegro\src\allegro-5.0.x\allegro-5.0.x\src\display_settings.c:486  _al_score_display_settings       [   0.01537] Score is : 641
display  D d:\Libraries\build\allegro\src\allegro-5.0.x\allegro-5.0.x\src\display_settings.c:486  _al_score_display_settings       [   0.01537] Score is : 609
display  D d:\Libraries\build\allegro\src\allegro-5.0.x\allegro-5.0.x\src\display_settings.c:486  _al_score_display_settings       [   0.01538] Score is : 598
display  D d:\Libraries\build\allegro\src\allegro-5.0.x\allegro-5.0.x\src\display_settings.c:486  _al_score_display_settings       [   0.01538] Score is : 593
display  D d:\Libraries\build\allegro\src\allegro-5.0.x\allegro-5.0.x\src\display_settings.c:486  _al_score_display_settings       [   0.01539] Score is : 589
display  D d:\Libraries\build\allegro\src\allegro-5.0.x\allegro-5.0.x\src\display_settings.c:486  _al_score_display_settings       [   0.01540] Score is : 587
display  D d:\Libraries\build\allegro\src\allegro-5.0.x\allegro-5.0.x\src\display_settings.c:486  _al_score_display_settings       [   0.01540] Score is : 586
display  D d:\Libraries\build\allegro\src\allegro-5.0.x\allegro-5.0.x\src\display_settings.c:486  _al_score_display_settings       [   0.01541] Score is : 585
display  D d:\Libraries\build\allegro\src\allegro-5.0.x\allegro-5.0.x\src\display_settings.c:486  _al_score_display_settings       [   0.01541] Score is : 641
display  D d:\Libraries\build\allegro\src\allegro-5.0.x\allegro-5.0.x\src\display_settings.c:486  _al_score_display_settings       [   0.01542] Score is : 609
display  D d:\Libraries\build\allegro\src\allegro-5.0.x\allegro-5.0.x\src\display_settings.c:486  _al_score_display_settings       [   0.01543] Score is : 598
display  D d:\Libraries\build\allegro\src\allegro-5.0.x\allegro-5.0.x\src\display_settings.c:486  _al_score_display_settings       [   0.01543] Score is : 593
display  D d:\Libraries\build\allegro\src\allegro-5.0.x\allegro-5.0.x\src\display_settings.c:486  _al_score_display_settings       [   0.01544] Score is : 589
display  D d:\Libraries\build\allegro\src\allegro-5.0.x\allegro-5.0.x\src\display_settings.c:486  _al_score_display_settings       [   0.01544] Score is : 587
display  D d:\Libraries\build\allegro\src\allegro-5.0.x\allegro-5.0.x\src\display_settings.c:486  _al_score_display_settings       [   0.01545] Score is : 586
display  D d:\Libraries\build\allegro\src\allegro-5.0.x\allegro-5.0.x\src\display_settings.c:486  _al_score_display_settings       [   0.01546] Score is : 585
display  D d:\Libraries\build\allegro\src\allegro-5.0.x\allegro-5.0.x\src\display_settings.c:486  _al_score_display_settings       [   0.01546] Score is : 641
display  D d:\Libraries\build\allegro\src\allegro-5.0.x\allegro-5.0.x\src\display_settings.c:486  _al_score_display_settings       [   0.01547] Score is : 609
display  D d:\Libraries\build\allegro\src\allegro-5.0.x\allegro-5.0.x\src\display_settings.c:486  _al_score_display_settings       [   0.01548] Score is : 598
display  D d:\Libraries\build\allegro\src\allegro-5.0.x\allegro-5.0.x\src\display_settings.c:486  _al_score_display_settings       [   0.01555] Score is : 593
display  D d:\Libraries\build\allegro\src\allegro-5.0.x\allegro-5.0.x\src\display_settings.c:486  _al_score_display_settings       [   0.01556] Score is : 589
display  D d:\Libraries\build\allegro\src\allegro-5.0.x\allegro-5.0.x\src\display_settings.c:486  _al_score_display_settings       [   0.01556] Score is : 587
display  D d:\Libraries\build\allegro\src\allegro-5.0.x\allegro-5.0.x\src\display_settings.c:486  _al_score_display_settings       [   0.01557] Score is : 586
display  D d:\Libraries\build\allegro\src\allegro-5.0.x\allegro-5.0.x\src\display_settings.c:486  _al_score_display_settings       [   0.01558] Score is : 585
display  D d:\Libraries\build\allegro\src\allegro-5.0.x\allegro-5.0.x\src\display_settings.c:486  _al_score_display_settings       [   0.01558] Score is : 641
display  D d:\Libraries\build\allegro\src\allegro-5.0.x\allegro-5.0.x\src\display_settings.c:486  _al_score_display_settings       [   0.01559] Score is : 609
display  D d:\Libraries\build\allegro\src\allegro-5.0.x\allegro-5.0.x\src\display_settings.c:486  _al_score_display_settings       [   0.01559] Score is : 598
display  D d:\Libraries\build\allegro\src\allegro-5.0.x\allegro-5.0.x\src\display_settings.c:486  _al_score_display_settings       [   0.01560] Score is : 593
display  D d:\Libraries\build\allegro\src\allegro-5.0.x\allegro-5.0.x\src\display_settings.c:486  _al_score_display_settings       [   0.01561] Score is : 589
display  D d:\Libraries\build\allegro\src\allegro-5.0.x\allegro-5.0.x\src\display_settings.c:486  _al_score_display_settings       [   0.01562] Score is : 587
display  D d:\Libraries\build\allegro\src\allegro-5.0.x\allegro-5.0.x\src\display_settings.c:486  _al_score_display_settings       [   0.01563] Score is : 586
display  D d:\Libraries\build\allegro\src\allegro-5.0.x\allegro-5.0.x\src\display_settings.c:486  _al_score_display_settings       [   0.01564] Score is : 585
display  D d:\Libraries\build\allegro\src\allegro-5.0.x\allegro-5.0.x\src\display_settings.c:357  _al_score_display_settings       [   0.01565] Single Buffer requirement not met.
display  D d:\Libraries\build\allegro\src\allegro-5.0.x\allegro-5.0.x\src\display_settings.c:357  _al_score_display_settings       [   0.01565] Single Buffer requirement not met.
display  D d:\Libraries\build\allegro\src\allegro-5.0.x\allegro-5.0.x\src\display_settings.c:357  _al_score_display_settings       [   0.01566] Single Buffer requirement not met.
display  D d:\Libraries\build\allegro\src\allegro-5.0.x\allegro-5.0.x\src\display_settings.c:357  _al_score_display_settings       [   0.01567] Single Buffer requirement not met.
display  D d:\Libraries\build\allegro\src\allegro-5.0.x\allegro-5.0.x\src\display_settings.c:357  _al_score_display_settings       [   0.01568] Single Buffer requirement not met.
display  D d:\Libraries\build\allegro\src\allegro-5.0.x\allegro-5.0.x\src\display_settings.c:357  _al_score_display_settings       [   0.01568] Single Buffer requirement not met.
display  D d:\Libraries\build\allegro\src\allegro-5.0.x\allegro-5.0.x\src\display_settings.c:357  _al_score_display_settings       [   0.01569] Single Buffer requirement not met.
display  D d:\Libraries\build\allegro\src\allegro-5.0.x\allegro-5.0.x\src\display_settings.c:357  _al_score_display_settings       [   0.01569] Single Buffer requirement not met.
display  D d:\Libraries\build\allegro\src\allegro-5.0.x\allegro-5.0.x\src\display_settings.c:357  _al_score_display_settings       [   0.01570] Single Buffer requirement not met.
display  D d:\Libraries\build\allegro\src\allegro-5.0.x\allegro-5.0.x\src\display_settings.c:357  _al_score_display_settings       [   0.01571] Single Buffer requirement not met.
display  D d:\Libraries\build\allegro\src\allegro-5.0.x\allegro-5.0.x\src\display_settings.c:357  _al_score_display_settings       [   0.01572] Single Buffer requirement not met.
display  D d:\Libraries\build\allegro\src\allegro-5.0.x\allegro-5.0.x\src\display_settings.c:357  _al_score_display_settings       [   0.01572] Single Buffer requirement not met.
display  D d:\Libraries\build\allegro\src\allegro-5.0.x\allegro-5.0.x\src\display_settings.c:357  _al_score_display_settings       [   0.01573] Single Buffer requirement not met.
display  D d:\Libraries\build\allegro\src\allegro-5.0.x\allegro-5.0.x\src\display_settings.c:357  _al_score_display_settings       [   0.01573] Single Buffer requirement not met.
display  D d:\Libraries\build\allegro\src\allegro-5.0.x\allegro-5.0.x\src\display_settings.c:357  _al_score_display_settings       [   0.01574] Single Buffer requirement not met.
display  D d:\Libraries\build\allegro\src\allegro-5.0.x\allegro-5.0.x\src\display_settings.c:357  _al_score_display_settings       [   0.01575] Single Buffer requirement not met.
display  D d:\Libraries\build\allegro\src\allegro-5.0.x\allegro-5.0.x\src\display_settings.c:357  _al_score_display_settings       [   0.01575] Single Buffer requirement not met.
display  D d:\Libraries\build\allegro\src\allegro-5.0.x\allegro-5.0.x\src\display_settings.c:357  _al_score_display_settings       [   0.01576] Single Buffer requirement not met.
display  D d:\Libraries\build\allegro\src\allegro-5.0.x\allegro-5.0.x\src\display_settings.c:357  _al_score_display_settings       [   0.01577] Single Buffer requirement not met.
display  D d:\Libraries\build\allegro\src\allegro-5.0.x\allegro-5.0.x\src\display_settings.c:357  _al_score_display_settings       [   0.01577] Single Buffer requirement not met.
display  D d:\Libraries\build\allegro\src\allegro-5.0.x\allegro-5.0.x\src\display_settings.c:357  _al_score_display_settings       [   0.01578] Single Buffer requirement not met.
display  D d:\Libraries\build\allegro\src\allegro-5.0.x\allegro-5.0.x\src\display_settings.c:357  _al_score_display_settings       [   0.01578] Single Buffer requirement not met.
display  D d:\Libraries\build\allegro\src\allegro-5.0.x\allegro-5.0.x\src\display_settings.c:357  _al_score_display_settings       [   0.01579] Single Buffer requirement not met.
display  D d:\Libraries\build\allegro\src\allegro-5.0.x\allegro-5.0.x\src\display_settings.c:357  _al_score_display_settings       [   0.01580] Single Buffer requirement not met.
display  D d:\Libraries\build\allegro\src\allegro-5.0.x\allegro-5.0.x\src\display_settings.c:357  _al_score_display_settings       [   0.01580] Single Buffer requirement not met.
display  D d:\Libraries\build\allegro\src\allegro-5.0.x\allegro-5.0.x\src\display_settings.c:357  _al_score_display_settings       [   0.01581] Single Buffer requirement not met.
display  D d:\Libraries\build\allegro\src\allegro-5.0.x\allegro-5.0.x\src\display_settings.c:357  _al_score_display_settings       [   0.01582] Single Buffer requirement not met.
display  D d:\Libraries\build\allegro\src\allegro-5.0.x\allegro-5.0.x\src\display_settings.c:357  _al_score_display_settings       [   0.01582] Single Buffer requirement not met.
display  D d:\Libraries\build\allegro\src\allegro-5.0.x\allegro-5.0.x\src\display_settings.c:357  _al_score_display_settings       [   0.01583] Single Buffer requirement not met.
display  D d:\Libraries\build\allegro\src\allegro-5.0.x\allegro-5.0.x\src\display_settings.c:357  _al_score_display_settings       [   0.01584] Single Buffer requirement not met.
display  D d:\Libraries\build\allegro\src\allegro-5.0.x\allegro-5.0.x\src\display_settings.c:357  _al_score_display_settings       [   0.01584] Single Buffer requirement not met.
display  D d:\Libraries\build\allegro\src\allegro-5.0.x\allegro-5.0.x\src\display_settings.c:357  _al_score_display_settings       [   0.01589] Single Buffer requirement not met.
display  D d:\Libraries\build\allegro\src\allegro-5.0.x\allegro-5.0.x\src\display_settings.c:357  _al_score_display_settings       [   0.01590] Single Buffer requirement not met.
display  D d:\Libraries\build\allegro\src\allegro-5.0.x\allegro-5.0.x\src\display_settings.c:357  _al_score_display_settings       [   0.01590] Single Buffer requirement not met.
display  D d:\Libraries\build\allegro\src\allegro-5.0.x\allegro-5.0.x\src\display_settings.c:357  _al_score_display_settings       [   0.01591] Single Buffer requirement not met.
display  D d:\Libraries\build\allegro\src\allegro-5.0.x\allegro-5.0.x\src\display_settings.c:357  _al_score_display_settings       [   0.01591] Single Buffer requirement not met.
display  D d:\Libraries\build\allegro\src\allegro-5.0.x\allegro-5.0.x\src\display_settings.c:357  _al_score_display_settings       [   0.01592] Single Buffer requirement not met.
display  D d:\Libraries\build\allegro\src\allegro-5.0.x\allegro-5.0.x\src\display_settings.c:357  _al_score_display_settings       [   0.01593] Single Buffer requirement not met.
display  D d:\Libraries\build\allegro\src\allegro-5.0.x\allegro-5.0.x\src\display_settings.c:357  _al_score_display_settings       [   0.01593] Single Buffer requirement not met.
display  D d:\Libraries\build\allegro\src\allegro-5.0.x\allegro-5.0.x\src\display_settings.c:357  _al_score_display_settings       [   0.01594] Single Buffer requirement not met.
display  D d:\Libraries\build\allegro\src\allegro-5.0.x\allegro-5.0.x\src\display_settings.c:357  _al_score_display_settings       [   0.01594] Single Buffer requirement not met.
display  D d:\Libraries\build\allegro\src\allegro-5.0.x\allegro-5.0.x\src\display_settings.c:357  _al_score_display_settings       [   0.01595] Single Buffer requirement not met.
display  D d:\Libraries\build\allegro\src\allegro-5.0.x\allegro-5.0.x\src\display_settings.c:357  _al_score_display_settings       [   0.01596] Single Buffer requirement not met.
display  D d:\Libraries\build\allegro\src\allegro-5.0.x\allegro-5.0.x\src\display_settings.c:357  _al_score_display_settings       [   0.01596] Single Buffer requirement not met.
display  D d:\Libraries\build\allegro\src\allegro-5.0.x\allegro-5.0.x\src\display_settings.c:357  _al_score_display_settings       [   0.01597] Single Buffer requirement not met.
display  D d:\Libraries\build\allegro\src\allegro-5.0.x\allegro-5.0.x\src\display_settings.c:357  _al_score_display_settings       [   0.01597] Single Buffer requirement not met.
display  D d:\Libraries\build\allegro\src\allegro-5.0.x\allegro-5.0.x\src\display_settings.c:357  _al_score_display_settings       [   0.01598] Single Buffer requirement not met.
display  D d:\Libraries\build\allegro\src\allegro-5.0.x\allegro-5.0.x\src\display_settings.c:357  _al_score_display_settings       [   0.01599] Single Buffer requirement not met.
display  D d:\Libraries\build\allegro\src\allegro-5.0.x\allegro-5.0.x\src\display_settings.c:357  _al_score_display_settings       [   0.01599] Single Buffer requirement not met.
display  D d:\Libraries\build\allegro\src\allegro-5.0.x\allegro-5.0.x\src\display_settings.c:357  _al_score_display_settings       [   0.01600] Single Buffer requirement not met.
display  D d:\Libraries\build\allegro\src\allegro-5.0.x\allegro-5.0.x\src\display_settings.c:357  _al_score_display_settings       [   0.01601] Single Buffer requirement not met.
display  D d:\Libraries\build\allegro\src\allegro-5.0.x\allegro-5.0.x\src\display_settings.c:357  _al_score_display_settings       [   0.01601] Single Buffer requirement not met.
display  D d:\Libraries\build\allegro\src\allegro-5.0.x\allegro-5.0.x\src\display_settings.c:357  _al_score_display_settings       [   0.01602] Single Buffer requirement not met.
display  D d:\Libraries\build\allegro\src\allegro-5.0.x\allegro-5.0.x\src\display_settings.c:357  _al_score_display_settings       [   0.01602] Single Buffer requirement not met.
display  D d:\Libraries\build\allegro\src\allegro-5.0.x\allegro-5.0.x\src\display_settings.c:357  _al_score_display_settings       [   0.01603] Single Buffer requirement not met.
display  D d:\Libraries\build\allegro\src\allegro-5.0.x\allegro-5.0.x\src\display_settings.c:357  _al_score_display_settings       [   0.01604] Single Buffer requirement not met.
display  D d:\Libraries\build\allegro\src\allegro-5.0.x\allegro-5.0.x\src\display_settings.c:357  _al_score_display_settings       [   0.01604] Single Buffer requirement not met.
display  D d:\Libraries\build\allegro\src\allegro-5.0.x\allegro-5.0.x\src\display_settings.c:357  _al_score_display_settings       [   0.01605] Single Buffer requirement not met.
display  D d:\Libraries\build\allegro\src\allegro-5.0.x\allegro-5.0.x\src\display_settings.c:357  _al_score_display_settings       [   0.01606] Single Buffer requirement not met.
display  D d:\Libraries\build\allegro\src\allegro-5.0.x\allegro-5.0.x\src\display_settings.c:357  _al_score_display_settings       [   0.01606] Single Buffer requirement not met.
display  D d:\Libraries\build\allegro\src\allegro-5.0.x\allegro-5.0.x\src\display_settings.c:357  _al_score_display_settings       [   0.01607] Single Buffer requirement not met.
display  D d:\Libraries\build\allegro\src\allegro-5.0.x\allegro-5.0.x\src\display_settings.c:357  _al_score_display_settings       [   0.01607] Single Buffer requirement not met.
display  D d:\Libraries\build\allegro\src\allegro-5.0.x\allegro-5.0.x\src\display_settings.c:357  _al_score_display_settings       [   0.01608] Single Buffer requirement not met.
display  D d:\Libraries\build\allegro\src\allegro-5.0.x\allegro-5.0.x\src\display_settings.c:197  _al_score_display_settings       [   0.01609] Display not compatible with Allegro.
display  D d:\Libraries\build\allegro\src\allegro-5.0.x\allegro-5.0.x\src\display_settings.c:197  _al_score_display_settings       [   0.01609] Display not compatible with Allegro.
display  D d:\Libraries\build\allegro\src\allegro-5.0.x\allegro-5.0.x\src\display_settings.c:197  _al_score_display_settings       [   0.01610] Display not compatible with Allegro.
display  D d:\Libraries\build\allegro\src\allegro-5.0.x\allegro-5.0.x\src\display_settings.c:197  _al_score_display_settings       [   0.01611] Display not compatible with Allegro.
display  D d:\Libraries\build\allegro\src\allegro-5.0.x\allegro-5.0.x\src\display_settings.c:197  _al_score_display_settings       [   0.01611] Display not compatible with Allegro.
display  D d:\Libraries\build\allegro\src\allegro-5.0.x\allegro-5.0.x\src\display_settings.c:197  _al_score_display_settings       [   0.01612] Display not compatible with Allegro.
display  D d:\Libraries\build\allegro\src\allegro-5.0.x\allegro-5.0.x\src\display_settings.c:197  _al_score_display_settings       [   0.01612] Display not compatible with Allegro.
display  D d:\Libraries\build\allegro\src\allegro-5.0.x\allegro-5.0.x\src\display_settings.c:197  _al_score_display_settings       [   0.01613] Display not compatible with Allegro.
display  D d:\Libraries\build\allegro\src\allegro-5.0.x\allegro-5.0.x\src\display_settings.c:197  _al_score_display_settings       [   0.01614] Display not compatible with Allegro.
display  D d:\Libraries\build\allegro\src\allegro-5.0.x\allegro-5.0.x\src\display_settings.c:197  _al_score_display_settings       [   0.01614] Display not compatible with Allegro.
display  D d:\Libraries\build\allegro\src\allegro-5.0.x\allegro-5.0.x\src\display_settings.c:197  _al_score_display_settings       [   0.01615] Display not compatible with Allegro.
display  D d:\Libraries\build\allegro\src\allegro-5.0.x\allegro-5.0.x\src\display_settings.c:197  _al_score_display_settings       [   0.01615] Display not compatible with Allegro.
display  D d:\Libraries\build\allegro\src\allegro-5.0.x\allegro-5.0.x\src\display_settings.c:197  _al_score_display_settings       [   0.01616] Display not compatible with Allegro.
display  D d:\Libraries\build\allegro\src\allegro-5.0.x\allegro-5.0.x\src\display_settings.c:197  _al_score_display_settings       [   0.01617] Display not compatible with Allegro.
d3d      D d:\Libraries\build\allegro\src\allegro-5.0.x\allegro-5.0.x\src\win\d3d_disp.cpp:1836 d3d_create_display_internals     [   0.01624] Trying format 0 of 428.
d3d      I d:\Libraries\build\allegro\src\allegro-5.0.x\allegro-5.0.x\src\win\d3d_disp.cpp:1514 d3d_display_thread_proc          [   0.01651] Chose a display format: 23
d3d      I d:\Libraries\build\allegro\src\allegro-5.0.x\allegro-5.0.x\src\win\d3d_disp.cpp:1583 d3d_display_thread_proc          [   0.01652] Normal window.
d3d      I d:\Libraries\build\allegro\src\allegro-5.0.x\allegro-5.0.x\src\win\d3d_disp.cpp:978  d3d_create_device                [   0.02533] Using no depth stencil buffer
d3d      D d:\Libraries\build\allegro\src\allegro-5.0.x\allegro-5.0.x\src\win\d3d_disp.cpp:1058 d3d_create_device                [   0.03455] BeginScene succeeded in create_device
d3d      D d:\Libraries\build\allegro\src\allegro-5.0.x\allegro-5.0.x\src\win\d3d_disp.cpp:1066 d3d_create_device                [   0.03459] Success
d3d      D d:\Libraries\build\allegro\src\allegro-5.0.x\allegro-5.0.x\src\win\d3d_disp.cpp:1859 d3d_create_display_internals     [   0.03460] Resumed after wait.
d3d      I d:\Libraries\build\allegro\src\allegro-5.0.x\allegro-5.0.x\src\win\d3d_disp.cpp:1884 d3d_create_display_internals     [   0.03469] Format 0 succeeded.
dtor     D d:\Libraries\build\allegro\src\allegro-5.0.x\allegro-5.0.x\src\dtor.c:184  _al_register_destructor          [   0.04509] added dtor for object 006AFBB8, func 6C30F0B2
dtor     D d:\Libraries\build\allegro\src\allegro-5.0.x\allegro-5.0.x\src\dtor.c:184  _al_register_destructor          [   0.04516] added dtor for object 006AFC90, func 6C2BD91C
d3d      D d:\Libraries\build\allegro\src\allegro-5.0.x\allegro-5.0.x\src\win\d3d_disp.cpp:1354 real_choose_bitmap_format        [   0.04584] Fake format
d3d      D d:\Libraries\build\allegro\src\allegro-5.0.x\allegro-5.0.x\src\win\d3d_disp.cpp:1354 real_choose_bitmap_format        [   0.04585] Fake format
d3d      D d:\Libraries\build\allegro\src\allegro-5.0.x\allegro-5.0.x\src\win\d3d_disp.cpp:1354 real_choose_bitmap_format        [   0.04586] Fake format
d3d      D d:\Libraries\build\allegro\src\allegro-5.0.x\allegro-5.0.x\src\win\d3d_disp.cpp:1354 real_choose_bitmap_format        [   0.04586] Fake format
d3d      D d:\Libraries\build\allegro\src\allegro-5.0.x\allegro-5.0.x\src\win\d3d_disp.cpp:1354 real_choose_bitmap_format        [   0.04587] Fake format
d3d      D d:\Libraries\build\allegro\src\allegro-5.0.x\allegro-5.0.x\src\win\d3d_disp.cpp:1354 real_choose_bitmap_format        [   0.04587] Fake format
d3d      D d:\Libraries\build\allegro\src\allegro-5.0.x\allegro-5.0.x\src\win\d3d_disp.cpp:1354 real_choose_bitmap_format        [   0.04588] Fake format
d3d      D d:\Libraries\build\allegro\src\allegro-5.0.x\allegro-5.0.x\src\win\d3d_disp.cpp:1354 real_choose_bitmap_format        [   0.04588] Fake format
d3d      D d:\Libraries\build\allegro\src\allegro-5.0.x\allegro-5.0.x\src\win\d3d_disp.cpp:1354 real_choose_bitmap_format        [   0.04589] Fake format
d3d      D d:\Libraries\build\allegro\src\allegro-5.0.x\allegro-5.0.x\src\win\d3d_disp.cpp:1362 real_choose_bitmap_format        [   0.04590] Alpha doesn't match
d3d      D d:\Libraries\build\allegro\src\allegro-5.0.x\allegro-5.0.x\src\win\d3d_disp.cpp:1369 real_choose_bitmap_format        [   0.04590] Adapter format is 23
d3d      D d:\Libraries\build\allegro\src\allegro-5.0.x\allegro-5.0.x\src\win\d3d_disp.cpp:1372 real_choose_bitmap_format        [   0.04591] Found a format
d3d      I d:\Libraries\build\allegro\src\allegro-5.0.x\allegro-5.0.x\src\win\d3d_disp.cpp:2446 _al_d3d_create_bitmap            [   0.04592] Chose bitmap format 9
dtor     D d:\Libraries\build\allegro\src\allegro-5.0.x\allegro-5.0.x\src\dtor.c:184  _al_register_destructor          [   0.04618] added dtor for object 006AFDB8, func 6C2A49E1
d3d      D d:\Libraries\build\allegro\src\allegro-5.0.x\allegro-5.0.x\src\win\d3d_bmp.cpp:457  _al_d3d_sync_bitmap              [   0.04644] _al_d3d_sync_bitmap (system) ref count == 1
d3d      D d:\Libraries\build\allegro\src\allegro-5.0.x\allegro-5.0.x\src\win\d3d_bmp.cpp:462  _al_d3d_sync_bitmap              [   0.04646] _al_d3d_sync_bitmap (video) ref count == 1
d3d      D d:\Libraries\build\allegro\src\allegro-5.0.x\allegro-5.0.x\src\win\d3d_bmp.cpp:457  _al_d3d_sync_bitmap              [   0.07903] _al_d3d_sync_bitmap (system) ref count == 1
d3d      D d:\Libraries\build\allegro\src\allegro-5.0.x\allegro-5.0.x\src\win\d3d_bmp.cpp:462  _al_d3d_sync_bitmap              [   0.07906] _al_d3d_sync_bitmap (video) ref count == 1
dtor     D d:\Libraries\build\allegro\src\allegro-5.0.x\allegro-5.0.x\src\dtor.c:114  _al_run_destructors              [   1.61745] calling dtor for object 006AFDB8, func 6C2A49E1
dtor     D d:\Libraries\build\allegro\src\allegro-5.0.x\allegro-5.0.x\src\dtor.c:214  _al_unregister_destructor        [   1.61751] removed dtor for object 006AFDB8
dtor     D d:\Libraries\build\allegro\src\allegro-5.0.x\allegro-5.0.x\src\dtor.c:114  _al_run_destructors              [   1.61759] calling dtor for object 006AFC90, func 6C2BD91C
dtor     D d:\Libraries\build\allegro\src\allegro-5.0.x\allegro-5.0.x\src\dtor.c:214  _al_unregister_destructor        [   1.61761] removed dtor for object 006AFC90
dtor     D d:\Libraries\build\allegro\src\allegro-5.0.x\allegro-5.0.x\src\dtor.c:114  _al_run_destructors              [   1.61764] calling dtor for object 006AFBB8, func 6C30F0B2
dtor     D d:\Libraries\build\allegro\src\allegro-5.0.x\allegro-5.0.x\src\dtor.c:214  _al_unregister_destructor        [   1.62803] removed dtor for object 006AFBB8
d3d      W d:\Libraries\build\allegro\src\allegro-5.0.x\allegro-5.0.x\src\win\d3d_disp.cpp:798  d3d_destroy_device               [   1.63667] d3d_destroy_device: ref count not 0
d3d      I d:\Libraries\build\allegro\src\allegro-5.0.x\allegro-5.0.x\src\win\d3d_disp.cpp:1705 d3d_display_thread_proc          [   1.65600] d3d display thread exits
